"../../../Engine/Content/EditorResources/S_Actor.ubulk" 0
"../../../Engine/Content/EditorResources/S_Actor.uasset" 1
"../../../Engine/Content/EditorResources/S_Actor.uexp" 2
"../../../Engine/Content/EditorResources/S_BoxReflectionCapture.uasset" 3
"../../../Engine/Content/EditorResources/S_BoxReflectionCapture.uexp" 4
"../../../Engine/Content/EngineResources/DefaultTexture.ubulk" 5
"../../../Engine/Content/EngineResources/DefaultTexture.uasset" 6
"../../../Engine/Content/EngineResources/DefaultTexture.uexp" 7
"../../../Engine/Content/EngineResources/DefaultTextureCube.uasset" 8
"../../../Engine/Content/EngineResources/DefaultTextureCube.uexp" 9
"../../../Engine/Content/EngineResources/DefaultVolumeTexture2D.uasset" 10
"../../../Engine/Content/EngineResources/DefaultVolumeTexture2D.uexp" 11
"../../../Engine/Content/EngineResources/DefaultVolumeTexture.uasset" 12
"../../../Engine/Content/EngineResources/DefaultVolumeTexture.uexp" 13
"../../../Engine/Content/EditorResources/S_Trigger.ubulk" 14
"../../../Engine/Content/EditorResources/S_Trigger.uasset" 15
"../../../Engine/Content/EditorResources/S_Trigger.uexp" 16
"../../../Engine/Content/EditorResources/S_TriggerBox.uasset" 17
"../../../Engine/Content/EditorResources/S_TriggerBox.uexp" 18
"../../../Engine/Content/EditorResources/S_TriggerCapsule.uasset" 19
"../../../Engine/Content/EditorResources/S_TriggerCapsule.uexp" 20
"../../../Engine/Content/EditorResources/S_TriggerSphere.uasset" 21
"../../../Engine/Content/EditorResources/S_TriggerSphere.uexp" 22
"../../../Engine/Content/EngineMeshes/Sphere.ubulk" 23
"../../../Engine/Content/EngineMeshes/Sphere.uasset" 24
"../../../Engine/Content/EngineMeshes/Sphere.uexp" 25
"../../../Engine/Content/EngineResources/GradientTexture0.uasset" 26
"../../../Engine/Content/EngineResources/GradientTexture0.uexp" 27
"../../../Engine/Content/EngineResources/Black.uasset" 28
"../../../Engine/Content/EngineResources/Black.uexp" 29
"../../../Engine/Content/VREditor/LaserPointer/VR_LaserPower_01.ubulk" 30
"../../../Engine/Content/VREditor/LaserPointer/VR_LaserPower_01.uasset" 31
"../../../Engine/Content/VREditor/LaserPointer/VR_LaserPower_01.uexp" 32
"../../../Engine/Content/VREditor/TransformGizmo/TransformGizmoMaterial.uasset" 33
"../../../Engine/Content/VREditor/TransformGizmo/TransformGizmoMaterial.uexp" 34
"../../../Engine/Content/VREditor/TransformGizmo/TranslucentTransformGizmoMaterial.uasset" 35
"../../../Engine/Content/VREditor/TransformGizmo/TranslucentTransformGizmoMaterial.uexp" 36
"../../../Engine/Content/VREditor/TransformGizmo/PlaneTranslationHandle.ubulk" 37
"../../../Engine/Content/VREditor/TransformGizmo/PlaneTranslationHandle.uasset" 38
"../../../Engine/Content/VREditor/TransformGizmo/PlaneTranslationHandle.uexp" 39
"../../../Engine/Content/VREditor/TransformGizmo/BoundingBoxCorner.ubulk" 40
"../../../Engine/Content/VREditor/TransformGizmo/BoundingBoxCorner.uasset" 41
"../../../Engine/Content/VREditor/TransformGizmo/BoundingBoxCorner.uexp" 42
"../../../Engine/Content/VREditor/TransformGizmo/BoundingBoxEdge.ubulk" 43
"../../../Engine/Content/VREditor/TransformGizmo/BoundingBoxEdge.uasset" 44
"../../../Engine/Content/VREditor/TransformGizmo/BoundingBoxEdge.uexp" 45
"../../../Engine/Content/VREditor/TransformGizmo/Main.uasset" 46
"../../../Engine/Content/VREditor/TransformGizmo/Main.uexp" 47
"../../../Engine/Content/VREditor/TransformGizmo/Xray.uasset" 48
"../../../Engine/Content/VREditor/TransformGizmo/Xray.uexp" 49
"../../../Engine/Content/VREditor/TransformGizmo/SM_Sequencer_Node.ubulk" 50
"../../../Engine/Content/VREditor/TransformGizmo/SM_Sequencer_Node.uasset" 51
"../../../Engine/Content/VREditor/TransformGizmo/SM_Sequencer_Node.uexp" 52
"../../../Engine/Content/EditorMaterials/Camera/CineMat.uasset" 53
"../../../Engine/Content/EditorMaterials/Camera/CineMat.uexp" 54
"../../../Engine/Content/EditorMaterials/Camera/MI_CineMat_Rig.uasset" 55
"../../../Engine/Content/EditorMaterials/Camera/MI_CineMat_Rig.uexp" 56
"../../../Engine/Content/EditorMeshes/Camera/SM_CraneRig_Base.ubulk" 57
"../../../Engine/Content/EditorMeshes/Camera/SM_CraneRig_Base.uasset" 58
"../../../Engine/Content/EditorMeshes/Camera/SM_CraneRig_Base.uexp" 59
"../../../Engine/Content/EditorMeshes/Camera/SM_CraneRig_Arm.ubulk" 60
"../../../Engine/Content/EditorMeshes/Camera/SM_CraneRig_Arm.uasset" 61
"../../../Engine/Content/EditorMeshes/Camera/SM_CraneRig_Arm.uexp" 62
"../../../Engine/Content/EditorMeshes/Camera/SM_CraneRig_Mount.ubulk" 63
"../../../Engine/Content/EditorMeshes/Camera/SM_CraneRig_Mount.uasset" 64
"../../../Engine/Content/EditorMeshes/Camera/SM_CraneRig_Mount.uexp" 65
"../../../Engine/Content/EditorMeshes/Camera/SM_CraneRig_Body.ubulk" 66
"../../../Engine/Content/EditorMeshes/Camera/SM_CraneRig_Body.uasset" 67
"../../../Engine/Content/EditorMeshes/Camera/SM_CraneRig_Body.uexp" 68
"../../../Engine/Content/EditorMeshes/Camera/SM_RailRig_Track.ubulk" 69
"../../../Engine/Content/EditorMeshes/Camera/SM_RailRig_Track.uasset" 70
"../../../Engine/Content/EditorMeshes/Camera/SM_RailRig_Track.uexp" 71
"../../../Engine/Content/EditorMeshes/Camera/SM_RailRig_Mount.ubulk" 72
"../../../Engine/Content/EditorMeshes/Camera/SM_RailRig_Mount.uasset" 73
"../../../Engine/Content/EditorMeshes/Camera/SM_RailRig_Mount.uexp" 74
"../../../Engine/Content/EngineMaterials/T_Default_Material_Grid_M.ubulk" 75
"../../../Engine/Content/EngineMaterials/T_Default_Material_Grid_M.uasset" 76
"../../../Engine/Content/EngineMaterials/T_Default_Material_Grid_M.uexp" 77
"../../../Engine/Content/EngineMaterials/T_Default_Material_Grid_N.ubulk" 78
"../../../Engine/Content/EngineMaterials/T_Default_Material_Grid_N.uasset" 79
"../../../Engine/Content/EngineMaterials/T_Default_Material_Grid_N.uexp" 80
"../../../Engine/Content/Functions/Engine_MaterialFunctions01/Opacity/CameraDepthFade.uasset" 81
"../../../Engine/Content/Functions/Engine_MaterialFunctions01/Opacity/CameraDepthFade.uexp" 82
"../../../Engine/Content/EngineMaterials/WorldGridMaterial.uasset" 83
"../../../Engine/Content/EngineMaterials/WorldGridMaterial.uexp" 84
"../../../Engine/Content/ArtTools/RenderToTexture/Meshes/S_1_Unit_Plane.ubulk" 85
"../../../Engine/Content/ArtTools/RenderToTexture/Meshes/S_1_Unit_Plane.uasset" 86
"../../../Engine/Content/ArtTools/RenderToTexture/Meshes/S_1_Unit_Plane.uexp" 87
"../../../Engine/Content/EditorMaterials/ParticleSystems/PSysThumbnail_NoImage.ubulk" 88
"../../../Engine/Content/EditorMaterials/ParticleSystems/PSysThumbnail_NoImage.uasset" 89
"../../../Engine/Content/EditorMaterials/ParticleSystems/PSysThumbnail_NoImage.uexp" 90
"../../../Engine/Content/EditorMaterials/ParticleSystems/PSysThumbnail_OOD.ubulk" 91
"../../../Engine/Content/EditorMaterials/ParticleSystems/PSysThumbnail_OOD.uasset" 92
"../../../Engine/Content/EditorMaterials/ParticleSystems/PSysThumbnail_OOD.uexp" 93
"../../../Engine/Content/EditorLandscapeResources/SplineEditorMeshMat.uasset" 94
"../../../Engine/Content/EditorLandscapeResources/SplineEditorMeshMat.uexp" 95
"../../../Engine/Content/EditorLandscapeResources/SplineEditorMesh.ubulk" 96
"../../../Engine/Content/EditorLandscapeResources/SplineEditorMesh.uasset" 97
"../../../Engine/Content/EditorLandscapeResources/SplineEditorMesh.uexp" 98
"../../../Engine/Content/EditorResources/S_Solver.ubulk" 99
"../../../Engine/Content/EditorResources/S_Solver.uasset" 100
"../../../Engine/Content/EditorResources/S_Solver.uexp" 101
"../../../Engine/Plugins/Media/MediaPlate/Content/SM_MediaPlateScreen.ubulk" 102
"../../../Engine/Plugins/Media/MediaPlate/Content/SM_MediaPlateScreen.uasset" 103
"../../../Engine/Plugins/Media/MediaPlate/Content/SM_MediaPlateScreen.uexp" 104
"../../../Engine/Content/EngineMaterials/Good64x64TilingNoiseHighFreq.uasset" 105
"../../../Engine/Content/EngineMaterials/Good64x64TilingNoiseHighFreq.uexp" 106
"../../../Engine/Content/EngineMaterials/DefaultBokeh.uasset" 107
"../../../Engine/Content/EngineMaterials/DefaultBokeh.uexp" 108
"../../../Engine/Content/EngineMaterials/PreintegratedSkinBRDF.uasset" 109
"../../../Engine/Content/EngineMaterials/PreintegratedSkinBRDF.uexp" 110
"../../../Engine/Content/EngineMaterials/MiniFont.uasset" 111
"../../../Engine/Content/EngineMaterials/MiniFont.uexp" 112
"../../../Engine/Content/EngineMaterials/WeightMapPlaceholderTexture.uasset" 113
"../../../Engine/Content/EngineMaterials/WeightMapPlaceholderTexture.uexp" 114
"../../../Engine/Content/EngineMaterials/DefaultWhiteGrid.ubulk" 115
"../../../Engine/Content/EngineMaterials/DefaultWhiteGrid.uasset" 116
"../../../Engine/Content/EngineMaterials/DefaultWhiteGrid.uexp" 117
"../../../Engine/Plugins/2D/Paper2D/Content/PlaceholderTextures/DummySpriteTexture.ubulk" 118
"../../../Engine/Plugins/2D/Paper2D/Content/PlaceholderTextures/DummySpriteTexture.uasset" 119
"../../../Engine/Plugins/2D/Paper2D/Content/PlaceholderTextures/DummySpriteTexture.uexp" 120
"../../../Engine/Plugins/2D/Paper2D/Content/DefaultSpriteMaterial.uasset" 121
"../../../Engine/Plugins/2D/Paper2D/Content/DefaultSpriteMaterial.uexp" 122
"../../../Engine/Plugins/2D/Paper2D/Content/OpaqueUnlitSpriteMaterial.uasset" 123
"../../../Engine/Plugins/2D/Paper2D/Content/OpaqueUnlitSpriteMaterial.uexp" 124
"../../../Engine/Plugins/2D/Paper2D/Content/MaskedUnlitSpriteMaterial.uasset" 125
"../../../Engine/Plugins/2D/Paper2D/Content/MaskedUnlitSpriteMaterial.uexp" 126
"../../../Engine/Plugins/2D/Paper2D/Content/DummySprite.uasset" 127
"../../../Engine/Plugins/2D/Paper2D/Content/DummySprite.uexp" 128
"../../../Engine/Plugins/2D/Paper2D/Content/DefaultPaperTerrainMaterial.uasset" 129
"../../../Engine/Plugins/2D/Paper2D/Content/DefaultPaperTerrainMaterial.uexp" 130
"../../../Engine/Content/Functions/Engine_MaterialFunctions02/WorldPositionOffset/CameraOffset.uasset" 131
"../../../Engine/Content/Functions/Engine_MaterialFunctions02/WorldPositionOffset/CameraOffset.uexp" 132
"../../../Engine/Plugins/Animation/ControlRig/Content/M_Manip.uasset" 133
"../../../Engine/Plugins/Animation/ControlRig/Content/M_Manip.uexp" 134
"../../../Engine/Content/Animation/DefaultRecorderBoneCompression.uasset" 135
"../../../Engine/Content/Animation/DefaultRecorderBoneCompression.uexp" 136
"../../../Engine/Content/Animation/DefaultAnimCurveCompressionSettings.uasset" 137
"../../../Engine/Content/Animation/DefaultAnimCurveCompressionSettings.uexp" 138
"../../../Engine/Content/Animation/DefaultAnimBoneCompressionSettings.uasset" 139
"../../../Engine/Content/Animation/DefaultAnimBoneCompressionSettings.uexp" 140
"../../../Engine/Content/EngineMaterials/DefaultMaterial.uasset" 141
"../../../Engine/Content/EngineMaterials/DefaultMaterial.uexp" 142
"../../../Engine/Content/BasicShapes/Cylinder.ubulk" 143
"../../../Engine/Content/BasicShapes/Cylinder.uasset" 144
"../../../Engine/Content/BasicShapes/Cylinder.uexp" 145
"../../../Engine/Content/Functions/Engine_MaterialFunctions02/Utility/CameraDirectionVector.uasset" 146
"../../../Engine/Content/Functions/Engine_MaterialFunctions02/Utility/CameraDirectionVector.uexp" 147
"../../../Engine/Content/EngineDebugMaterials/VolumeToRender.uasset" 148
"../../../Engine/Content/EngineDebugMaterials/VolumeToRender.uexp" 149
"../../../Engine/Content/EngineDebugMaterials/M_VolumeRenderSphereTracePP.uasset" 150
"../../../Engine/Content/EngineDebugMaterials/M_VolumeRenderSphereTracePP.uexp" 151
"../../../Engine/Content/EngineDebugMaterials/M_SimpleUnlitTranslucent.uasset" 152
"../../../Engine/Content/EngineDebugMaterials/M_SimpleUnlitTranslucent.uexp" 153
"../../../Engine/Content/EngineDebugMaterials/DebugMeshMaterial.uasset" 154
"../../../Engine/Content/EngineDebugMaterials/DebugMeshMaterial.uexp" 155
"../../../Engine/Content/EngineDebugMaterials/DebugEditorMaterial.uasset" 156
"../../../Engine/Content/EngineDebugMaterials/DebugEditorMaterial.uexp" 157
"../../../Engine/Content/EngineDamageTypes/DmgTypeBP_Environmental.uasset" 158
"../../../Engine/Content/EngineDamageTypes/DmgTypeBP_Environmental.uexp" 159
"../../../Engine/Content/EditorResources/S_Terrain.ubulk" 160
"../../../Engine/Content/EditorResources/S_Terrain.uasset" 161
"../../../Engine/Content/EditorResources/S_Terrain.uexp" 162
"../../../Engine/Plugins/Animation/ControlRig/Content/Controls/DefaultGizmoLibraryNormalized.uasset" 163
"../../../Engine/Plugins/Animation/ControlRig/Content/Controls/DefaultGizmoLibraryNormalized.uexp" 164
"../../../Engine/Plugins/Animation/ControlRig/Content/Controls/ControlRig_Wedge_solid.ubulk" 165
"../../../Engine/Plugins/Animation/ControlRig/Content/Controls/ControlRig_Wedge_solid.uasset" 166
"../../../Engine/Plugins/Animation/ControlRig/Content/Controls/ControlRig_Wedge_solid.uexp" 167
"../../../Engine/Plugins/Animation/ControlRig/Content/Controls/ControlRig_Wedge_3mm.ubulk" 168
"../../../Engine/Plugins/Animation/ControlRig/Content/Controls/ControlRig_Wedge_3mm.uasset" 169
"../../../Engine/Plugins/Animation/ControlRig/Content/Controls/ControlRig_Wedge_3mm.uexp" 170
"../../../Engine/Plugins/Animation/ControlRig/Content/Controls/ControlRig_Wedge_1mm.ubulk" 171
"../../../Engine/Plugins/Animation/ControlRig/Content/Controls/ControlRig_Wedge_1mm.uasset" 172
"../../../Engine/Plugins/Animation/ControlRig/Content/Controls/ControlRig_Wedge_1mm.uexp" 173
"../../../Engine/Plugins/Animation/ControlRig/Content/Controls/ControlRig_Triangle_solid.ubulk" 174
"../../../Engine/Plugins/Animation/ControlRig/Content/Controls/ControlRig_Triangle_solid.uasset" 175
"../../../Engine/Plugins/Animation/ControlRig/Content/Controls/ControlRig_Triangle_solid.uexp" 176
"../../../Engine/Plugins/Animation/ControlRig/Content/Controls/ControlRig_Triangle_3mm.ubulk" 177
"../../../Engine/Plugins/Animation/ControlRig/Content/Controls/ControlRig_Triangle_3mm.uasset" 178
"../../../Engine/Plugins/Animation/ControlRig/Content/Controls/ControlRig_Triangle_3mm.uexp" 179
"../../../Engine/Plugins/Animation/ControlRig/Content/Controls/ControlRig_Triangle_1mm.ubulk" 180
"../../../Engine/Plugins/Animation/ControlRig/Content/Controls/ControlRig_Triangle_1mm.uasset" 181
"../../../Engine/Plugins/Animation/ControlRig/Content/Controls/ControlRig_Triangle_1mm.uexp" 182
"../../../Engine/Plugins/Animation/ControlRig/Content/Controls/ControlRig_Star4_solid.ubulk" 183
"../../../Engine/Plugins/Animation/ControlRig/Content/Controls/ControlRig_Star4_solid.uasset" 184
"../../../Engine/Plugins/Animation/ControlRig/Content/Controls/ControlRig_Star4_solid.uexp" 185
"../../../Engine/Plugins/Animation/ControlRig/Content/Controls/ControlRig_Star4_3mm.ubulk" 186
"../../../Engine/Plugins/Animation/ControlRig/Content/Controls/ControlRig_Star4_3mm.uasset" 187
"../../../Engine/Plugins/Animation/ControlRig/Content/Controls/ControlRig_Star4_3mm.uexp" 188
"../../../Engine/Plugins/Animation/ControlRig/Content/Controls/ControlRig_Star4_1mm.ubulk" 189
"../../../Engine/Plugins/Animation/ControlRig/Content/Controls/ControlRig_Star4_1mm.uasset" 190
"../../../Engine/Plugins/Animation/ControlRig/Content/Controls/ControlRig_Star4_1mm.uexp" 191
"../../../Engine/Plugins/Animation/ControlRig/Content/Controls/ControlRig_Square_solid.ubulk" 192
"../../../Engine/Plugins/Animation/ControlRig/Content/Controls/ControlRig_Square_solid.uasset" 193
"../../../Engine/Plugins/Animation/ControlRig/Content/Controls/ControlRig_Square_solid.uexp" 194
"../../../Engine/Plugins/Animation/ControlRig/Content/Controls/ControlRig_Square_3mm.ubulk" 195
"../../../Engine/Plugins/Animation/ControlRig/Content/Controls/ControlRig_Square_3mm.uasset" 196
"../../../Engine/Plugins/Animation/ControlRig/Content/Controls/ControlRig_Square_3mm.uexp" 197
"../../../Engine/Plugins/Animation/ControlRig/Content/Controls/ControlRig_Square_1mm.ubulk" 198
"../../../Engine/Plugins/Animation/ControlRig/Content/Controls/ControlRig_Square_1mm.uasset" 199
"../../../Engine/Plugins/Animation/ControlRig/Content/Controls/ControlRig_Square_1mm.uexp" 200
"../../../Engine/Plugins/Animation/ControlRig/Content/Controls/ControlRig_Sphere_solid.ubulk" 201
"../../../Engine/Plugins/Animation/ControlRig/Content/Controls/ControlRig_Sphere_solid.uasset" 202
"../../../Engine/Plugins/Animation/ControlRig/Content/Controls/ControlRig_Sphere_solid.uexp" 203
"../../../Engine/Plugins/Animation/ControlRig/Content/Controls/ControlRig_Sphere_3mm.ubulk" 204
"../../../Engine/Plugins/Animation/ControlRig/Content/Controls/ControlRig_Sphere_3mm.uasset" 205
"../../../Engine/Plugins/Animation/ControlRig/Content/Controls/ControlRig_Sphere_3mm.uexp" 206
"../../../Engine/Plugins/Animation/ControlRig/Content/Controls/ControlRig_Sphere_1mm.ubulk" 207
"../../../Engine/Plugins/Animation/ControlRig/Content/Controls/ControlRig_Sphere_1mm.uasset" 208
"../../../Engine/Plugins/Animation/ControlRig/Content/Controls/ControlRig_Sphere_1mm.uexp" 209
"../../../Engine/Plugins/Animation/ControlRig/Content/Controls/ControlRig_RoundedTriangle_solid.ubulk" 210
"../../../Engine/Plugins/Animation/ControlRig/Content/Controls/ControlRig_RoundedTriangle_solid.uasset" 211
"../../../Engine/Plugins/Animation/ControlRig/Content/Controls/ControlRig_RoundedTriangle_solid.uexp" 212
"../../../Engine/Plugins/Animation/ControlRig/Content/Controls/ControlRig_RoundedTriangle_3mm.ubulk" 213
"../../../Engine/Plugins/Animation/ControlRig/Content/Controls/ControlRig_RoundedTriangle_3mm.uasset" 214
"../../../Engine/Plugins/Animation/ControlRig/Content/Controls/ControlRig_RoundedTriangle_3mm.uexp" 215
"../../../Engine/Plugins/Animation/ControlRig/Content/Controls/ControlRig_RoundedTriangle_1mm.ubulk" 216
"../../../Engine/Plugins/Animation/ControlRig/Content/Controls/ControlRig_RoundedTriangle_1mm.uasset" 217
"../../../Engine/Plugins/Animation/ControlRig/Content/Controls/ControlRig_RoundedTriangle_1mm.uexp" 218
"../../../Engine/Plugins/Animation/ControlRig/Content/Controls/ControlRig_RoundedSquare_solid.ubulk" 219
"../../../Engine/Plugins/Animation/ControlRig/Content/Controls/ControlRig_RoundedSquare_solid.uasset" 220
"../../../Engine/Plugins/Animation/ControlRig/Content/Controls/ControlRig_RoundedSquare_solid.uexp" 221
"../../../Engine/Plugins/Animation/ControlRig/Content/Controls/ControlRig_RoundedSquare_3mm.ubulk" 222
"../../../Engine/Plugins/Animation/ControlRig/Content/Controls/ControlRig_RoundedSquare_3mm.uasset" 223
"../../../Engine/Plugins/Animation/ControlRig/Content/Controls/ControlRig_RoundedSquare_3mm.uexp" 224
"../../../Engine/Plugins/Animation/ControlRig/Content/Controls/ControlRig_RoundedSquare_1mm.ubulk" 225
"../../../Engine/Plugins/Animation/ControlRig/Content/Controls/ControlRig_RoundedSquare_1mm.uasset" 226
"../../../Engine/Plugins/Animation/ControlRig/Content/Controls/ControlRig_RoundedSquare_1mm.uexp" 227
"../../../Engine/Plugins/Animation/ControlRig/Content/Controls/ControlRig_QuarterCircle_solid.ubulk" 228
"../../../Engine/Plugins/Animation/ControlRig/Content/Controls/ControlRig_QuarterCircle_solid.uasset" 229
"../../../Engine/Plugins/Animation/ControlRig/Content/Controls/ControlRig_QuarterCircle_solid.uexp" 230
"../../../Engine/Plugins/Animation/ControlRig/Content/Controls/ControlRig_QuarterCircle_3mm.ubulk" 231
"../../../Engine/Plugins/Animation/ControlRig/Content/Controls/ControlRig_QuarterCircle_3mm.uasset" 232
"../../../Engine/Plugins/Animation/ControlRig/Content/Controls/ControlRig_QuarterCircle_3mm.uexp" 233
"../../../Engine/Plugins/Animation/ControlRig/Content/Controls/ControlRig_QuarterCircle_1mm.ubulk" 234
"../../../Engine/Plugins/Animation/ControlRig/Content/Controls/ControlRig_QuarterCircle_1mm.uasset" 235
"../../../Engine/Plugins/Animation/ControlRig/Content/Controls/ControlRig_QuarterCircle_1mm.uexp" 236
"../../../Engine/Plugins/Animation/ControlRig/Content/Controls/ControlRig_Pyramid_solid.ubulk" 237
"../../../Engine/Plugins/Animation/ControlRig/Content/Controls/ControlRig_Pyramid_solid.uasset" 238
"../../../Engine/Plugins/Animation/ControlRig/Content/Controls/ControlRig_Pyramid_solid.uexp" 239
"../../../Engine/Plugins/Animation/ControlRig/Content/Controls/ControlRig_Pyramid_3mm.ubulk" 240
"../../../Engine/Plugins/Animation/ControlRig/Content/Controls/ControlRig_Pyramid_3mm.uasset" 241
"../../../Engine/Plugins/Animation/ControlRig/Content/Controls/ControlRig_Pyramid_3mm.uexp" 242
"../../../Engine/Plugins/Animation/ControlRig/Content/Controls/ControlRig_Pyramid_1mm.ubulk" 243
"../../../Engine/Plugins/Animation/ControlRig/Content/Controls/ControlRig_Pyramid_1mm.uasset" 244
"../../../Engine/Plugins/Animation/ControlRig/Content/Controls/ControlRig_Pyramid_1mm.uexp" 245
"../../../Engine/Plugins/Animation/ControlRig/Content/Controls/ControlRig_Octagon_solid.ubulk" 246
"../../../Engine/Plugins/Animation/ControlRig/Content/Controls/ControlRig_Octagon_solid.uasset" 247
"../../../Engine/Plugins/Animation/ControlRig/Content/Controls/ControlRig_Octagon_solid.uexp" 248
"../../../Engine/Plugins/Animation/ControlRig/Content/Controls/ControlRig_Octagon_3mm.ubulk" 249
"../../../Engine/Plugins/Animation/ControlRig/Content/Controls/ControlRig_Octagon_3mm.uasset" 250
"../../../Engine/Plugins/Animation/ControlRig/Content/Controls/ControlRig_Octagon_3mm.uexp" 251
"../../../Engine/Plugins/Animation/ControlRig/Content/Controls/ControlRig_Octagon_1mm.ubulk" 252
"../../../Engine/Plugins/Animation/ControlRig/Content/Controls/ControlRig_Octagon_1mm.uasset" 253
"../../../Engine/Plugins/Animation/ControlRig/Content/Controls/ControlRig_Octagon_1mm.uexp" 254
"../../../Engine/Plugins/Animation/ControlRig/Content/Controls/ControlRig_Hexagon_solid.ubulk" 255
"../../../Engine/Plugins/Animation/ControlRig/Content/Controls/ControlRig_Hexagon_solid.uasset" 256
"../../../Engine/Plugins/Animation/ControlRig/Content/Controls/ControlRig_Hexagon_solid.uexp" 257
"../../../Engine/Plugins/Animation/ControlRig/Content/Controls/ControlRig_Hexagon_3mm.ubulk" 258
"../../../Engine/Plugins/Animation/ControlRig/Content/Controls/ControlRig_Hexagon_3mm.uasset" 259
"../../../Engine/Plugins/Animation/ControlRig/Content/Controls/ControlRig_Hexagon_3mm.uexp" 260
"../../../Engine/Plugins/Animation/ControlRig/Content/Controls/ControlRig_Hexagon_1mm.ubulk" 261
"../../../Engine/Plugins/Animation/ControlRig/Content/Controls/ControlRig_Hexagon_1mm.uasset" 262
"../../../Engine/Plugins/Animation/ControlRig/Content/Controls/ControlRig_Hexagon_1mm.uexp" 263
"../../../Engine/Plugins/Animation/ControlRig/Content/Controls/ControlRig_HalfCircle_solid.ubulk" 264
"../../../Engine/Plugins/Animation/ControlRig/Content/Controls/ControlRig_HalfCircle_solid.uasset" 265
"../../../Engine/Plugins/Animation/ControlRig/Content/Controls/ControlRig_HalfCircle_solid.uexp" 266
"../../../Engine/Plugins/Animation/ControlRig/Content/Controls/ControlRig_HalfCircle_3mm.ubulk" 267
"../../../Engine/Plugins/Animation/ControlRig/Content/Controls/ControlRig_HalfCircle_3mm.uasset" 268
"../../../Engine/Plugins/Animation/ControlRig/Content/Controls/ControlRig_HalfCircle_3mm.uexp" 269
"../../../Engine/Plugins/Animation/ControlRig/Content/Controls/ControlRig_HalfCircle_1mm.ubulk" 270
"../../../Engine/Plugins/Animation/ControlRig/Content/Controls/ControlRig_HalfCircle_1mm.uasset" 271
"../../../Engine/Plugins/Animation/ControlRig/Content/Controls/ControlRig_HalfCircle_1mm.uexp" 272
"../../../Engine/Plugins/Animation/ControlRig/Content/Controls/ControlRig_Diamond_solid.ubulk" 273
"../../../Engine/Plugins/Animation/ControlRig/Content/Controls/ControlRig_Diamond_solid.uasset" 274
"../../../Engine/Plugins/Animation/ControlRig/Content/Controls/ControlRig_Diamond_solid.uexp" 275
"../../../Engine/Plugins/Animation/ControlRig/Content/Controls/ControlRig_Diamond_3mm.ubulk" 276
"../../../Engine/Plugins/Animation/ControlRig/Content/Controls/ControlRig_Diamond_3mm.uasset" 277
"../../../Engine/Plugins/Animation/ControlRig/Content/Controls/ControlRig_Diamond_3mm.uexp" 278
"../../../Engine/Plugins/Animation/ControlRig/Content/Controls/ControlRig_Diamond_1mm.ubulk" 279
"../../../Engine/Plugins/Animation/ControlRig/Content/Controls/ControlRig_Diamond_1mm.uasset" 280
"../../../Engine/Plugins/Animation/ControlRig/Content/Controls/ControlRig_Diamond_1mm.uexp" 281
"../../../Engine/Plugins/Animation/ControlRig/Content/Controls/ControlRig_Circle_solid.ubulk" 282
"../../../Engine/Plugins/Animation/ControlRig/Content/Controls/ControlRig_Circle_solid.uasset" 283
"../../../Engine/Plugins/Animation/ControlRig/Content/Controls/ControlRig_Circle_solid.uexp" 284
"../../../Engine/Plugins/Animation/ControlRig/Content/Controls/ControlRig_Circle_3mm.ubulk" 285
"../../../Engine/Plugins/Animation/ControlRig/Content/Controls/ControlRig_Circle_3mm.uasset" 286
"../../../Engine/Plugins/Animation/ControlRig/Content/Controls/ControlRig_Circle_3mm.uexp" 287
"../../../Engine/Plugins/Animation/ControlRig/Content/Controls/ControlRig_Circle_1mm.ubulk" 288
"../../../Engine/Plugins/Animation/ControlRig/Content/Controls/ControlRig_Circle_1mm.uasset" 289
"../../../Engine/Plugins/Animation/ControlRig/Content/Controls/ControlRig_Circle_1mm.uexp" 290
"../../../Engine/Plugins/Animation/ControlRig/Content/Controls/ControlRig_Box_solid.ubulk" 291
"../../../Engine/Plugins/Animation/ControlRig/Content/Controls/ControlRig_Box_solid.uasset" 292
"../../../Engine/Plugins/Animation/ControlRig/Content/Controls/ControlRig_Box_solid.uexp" 293
"../../../Engine/Plugins/Animation/ControlRig/Content/Controls/ControlRig_Box_3mm.ubulk" 294
"../../../Engine/Plugins/Animation/ControlRig/Content/Controls/ControlRig_Box_3mm.uasset" 295
"../../../Engine/Plugins/Animation/ControlRig/Content/Controls/ControlRig_Box_3mm.uexp" 296
"../../../Engine/Plugins/Animation/ControlRig/Content/Controls/ControlRig_Box_1mm.ubulk" 297
"../../../Engine/Plugins/Animation/ControlRig/Content/Controls/ControlRig_Box_1mm.uasset" 298
"../../../Engine/Plugins/Animation/ControlRig/Content/Controls/ControlRig_Box_1mm.uexp" 299
"../../../Engine/Plugins/Animation/ControlRig/Content/Controls/ControlRig_Arrow_solid.ubulk" 300
"../../../Engine/Plugins/Animation/ControlRig/Content/Controls/ControlRig_Arrow_solid.uasset" 301
"../../../Engine/Plugins/Animation/ControlRig/Content/Controls/ControlRig_Arrow_solid.uexp" 302
"../../../Engine/Plugins/Animation/ControlRig/Content/Controls/ControlRig_Arrow_3mm.ubulk" 303
"../../../Engine/Plugins/Animation/ControlRig/Content/Controls/ControlRig_Arrow_3mm.uasset" 304
"../../../Engine/Plugins/Animation/ControlRig/Content/Controls/ControlRig_Arrow_3mm.uexp" 305
"../../../Engine/Plugins/Animation/ControlRig/Content/Controls/ControlRig_Arrow_1mm.ubulk" 306
"../../../Engine/Plugins/Animation/ControlRig/Content/Controls/ControlRig_Arrow_1mm.uasset" 307
"../../../Engine/Plugins/Animation/ControlRig/Content/Controls/ControlRig_Arrow_1mm.uexp" 308
"../../../Engine/Plugins/Animation/ControlRig/Content/Controls/ControlRig_Arrow4_solid.ubulk" 309
"../../../Engine/Plugins/Animation/ControlRig/Content/Controls/ControlRig_Arrow4_solid.uasset" 310
"../../../Engine/Plugins/Animation/ControlRig/Content/Controls/ControlRig_Arrow4_solid.uexp" 311
"../../../Engine/Plugins/Animation/ControlRig/Content/Controls/ControlRig_Arrow4_3mm.ubulk" 312
"../../../Engine/Plugins/Animation/ControlRig/Content/Controls/ControlRig_Arrow4_3mm.uasset" 313
"../../../Engine/Plugins/Animation/ControlRig/Content/Controls/ControlRig_Arrow4_3mm.uexp" 314
"../../../Engine/Plugins/Animation/ControlRig/Content/Controls/ControlRig_Arrow4_1mm.ubulk" 315
"../../../Engine/Plugins/Animation/ControlRig/Content/Controls/ControlRig_Arrow4_1mm.uasset" 316
"../../../Engine/Plugins/Animation/ControlRig/Content/Controls/ControlRig_Arrow4_1mm.uexp" 317
"../../../Engine/Plugins/Animation/ControlRig/Content/Controls/ControlRig_Arrow2_solid.ubulk" 318
"../../../Engine/Plugins/Animation/ControlRig/Content/Controls/ControlRig_Arrow2_solid.uasset" 319
"../../../Engine/Plugins/Animation/ControlRig/Content/Controls/ControlRig_Arrow2_solid.uexp" 320
"../../../Engine/Plugins/Animation/ControlRig/Content/Controls/ControlRig_Arrow2_3mm.ubulk" 321
"../../../Engine/Plugins/Animation/ControlRig/Content/Controls/ControlRig_Arrow2_3mm.uasset" 322
"../../../Engine/Plugins/Animation/ControlRig/Content/Controls/ControlRig_Arrow2_3mm.uexp" 323
"../../../Engine/Plugins/Animation/ControlRig/Content/Controls/ControlRig_Arrow2_1mm.ubulk" 324
"../../../Engine/Plugins/Animation/ControlRig/Content/Controls/ControlRig_Arrow2_1mm.uasset" 325
"../../../Engine/Plugins/Animation/ControlRig/Content/Controls/ControlRig_Arrow2_1mm.uexp" 326
"../../../Engine/Plugins/Animation/ControlRig/Content/Controls/ControlRigXRayMaterial.uasset" 327
"../../../Engine/Plugins/Animation/ControlRig/Content/Controls/ControlRigXRayMaterial.uexp" 328
"../../../Engine/Plugins/Animation/ControlRig/Content/Controls/ControlRigGizmoMaterial.uasset" 329
"../../../Engine/Plugins/Animation/ControlRig/Content/Controls/ControlRigGizmoMaterial.uexp" 330
"../../../Engine/Plugins/Runtime/MeshModelingToolset/Content/Materials/M_DynamicMeshComponentVtxColor.uasset" 331
"../../../Engine/Plugins/Runtime/MeshModelingToolset/Content/Materials/M_DynamicMeshComponentVtxColor.uexp" 332
"../../../Engine/Plugins/Interchange/Runtime/Content/Pipelines/DefaultTexturePipeline.uasset" 333
"../../../Engine/Plugins/Interchange/Runtime/Content/Pipelines/DefaultTexturePipeline.uexp" 334
"../../../Engine/Plugins/Interchange/Runtime/Content/Pipelines/DefaultSceneLevelPipeline.uasset" 335
"../../../Engine/Plugins/Interchange/Runtime/Content/Pipelines/DefaultSceneLevelPipeline.uexp" 336
"../../../Engine/Plugins/Interchange/Runtime/Content/Pipelines/DefaultSceneAssetsPipeline.uasset" 337
"../../../Engine/Plugins/Interchange/Runtime/Content/Pipelines/DefaultSceneAssetsPipeline.uexp" 338
"../../../Engine/Plugins/Interchange/Runtime/Content/Pipelines/DefaultMaterialPipeline.uasset" 339
"../../../Engine/Plugins/Interchange/Runtime/Content/Pipelines/DefaultMaterialPipeline.uexp" 340
"../../../Engine/Plugins/Interchange/Runtime/Content/Pipelines/DefaultAssetsPipeline.uasset" 341
"../../../Engine/Plugins/Interchange/Runtime/Content/Pipelines/DefaultAssetsPipeline.uexp" 342
"../../../Engine/Plugins/Editor/SpeedTreeImporter/Content/SpeedTree9/game_wind_noise.ubulk" 343
"../../../Engine/Plugins/Editor/SpeedTreeImporter/Content/SpeedTree9/game_wind_noise.uasset" 344
"../../../Engine/Plugins/Editor/SpeedTreeImporter/Content/SpeedTree9/game_wind_noise.uexp" 345
"../../../Engine/Plugins/Editor/SpeedTreeImporter/Content/SpeedTree9/UnpackDirection.uasset" 346
"../../../Engine/Plugins/Editor/SpeedTreeImporter/Content/SpeedTree9/UnpackDirection.uexp" 347
"../../../Engine/Content/Functions/Engine_MaterialFunctions02/ObjectLocalBounds.uasset" 348
"../../../Engine/Content/Functions/Engine_MaterialFunctions02/ObjectLocalBounds.uexp" 349
"../../../Engine/Content/Functions/Engine_MaterialFunctions02/Utility/BreakOutFloat3Components.uasset" 350
"../../../Engine/Content/Functions/Engine_MaterialFunctions02/Utility/BreakOutFloat3Components.uexp" 351
"../../../Engine/Content/Functions/Engine_MaterialFunctions02/UVs/BoundingBoxBased_0-1_UVW.uasset" 352
"../../../Engine/Content/Functions/Engine_MaterialFunctions02/UVs/BoundingBoxBased_0-1_UVW.uexp" 353
"../../../Engine/Content/Functions/Engine_MaterialFunctions02/Utility/VectorLength.uasset" 354
"../../../Engine/Content/Functions/Engine_MaterialFunctions02/Utility/VectorLength.uexp" 355
"../../../Engine/Plugins/Editor/SpeedTreeImporter/Content/SpeedTree9/UnpackInteger3.uasset" 356
"../../../Engine/Plugins/Editor/SpeedTreeImporter/Content/SpeedTree9/UnpackInteger3.uexp" 357
"../../../Engine/Plugins/Editor/SpeedTreeImporter/Content/SpeedTree9/SpeedTreeCameraFacing.uasset" 358
"../../../Engine/Plugins/Editor/SpeedTreeImporter/Content/SpeedTree9/SpeedTreeCameraFacing.uexp" 359
"../../../Engine/Content/Functions/Engine_MaterialFunctions02/WorldPositionOffset/ObjectScale.uasset" 360
"../../../Engine/Content/Functions/Engine_MaterialFunctions02/WorldPositionOffset/ObjectScale.uexp" 361
"../../../Engine/Content/Functions/Engine_MaterialFunctions02/SafeNormalize.uasset" 362
"../../../Engine/Content/Functions/Engine_MaterialFunctions02/SafeNormalize.uexp" 363
"../../../Engine/Plugins/Editor/SpeedTreeImporter/Content/SpeedTree9/SpeedTreeWindMotion.uasset" 364
"../../../Engine/Plugins/Editor/SpeedTreeImporter/Content/SpeedTree9/SpeedTreeWindMotion.uexp" 365
"../../../Engine/Plugins/Editor/SpeedTreeImporter/Content/SpeedTree9/SpeedTreeBranchMotion.uasset" 366
"../../../Engine/Plugins/Editor/SpeedTreeImporter/Content/SpeedTree9/SpeedTreeBranchMotion.uexp" 367
"../../../Engine/Plugins/Editor/SpeedTreeImporter/Content/SpeedTree9/SpeedTreeWind.uasset" 368
"../../../Engine/Plugins/Editor/SpeedTreeImporter/Content/SpeedTree9/SpeedTreeWind.uexp" 369
"../../../Engine/Plugins/Editor/SpeedTreeImporter/Content/SpeedTree9/EmptyNormal.uasset" 370
"../../../Engine/Plugins/Editor/SpeedTreeImporter/Content/SpeedTree9/EmptyNormal.uexp" 371
"../../../Engine/Plugins/Editor/SpeedTreeImporter/Content/SpeedTree9/Empty.uasset" 372
"../../../Engine/Plugins/Editor/SpeedTreeImporter/Content/SpeedTree9/Empty.uexp" 373
"../../../Engine/Plugins/Editor/SpeedTreeImporter/Content/SpeedTree9/SpeedTreeMaster.uasset" 374
"../../../Engine/Plugins/Editor/SpeedTreeImporter/Content/SpeedTree9/SpeedTreeMaster.uexp" 375
"../../../Engine/Plugins/Editor/SpeedTreeImporter/Content/SpeedTree9/SpeedTreeBillboard.uasset" 376
"../../../Engine/Plugins/Editor/SpeedTreeImporter/Content/SpeedTree9/SpeedTreeBillboard.uexp" 377
"../../../Engine/Plugins/Editor/SpeedTreeImporter/Content/SpeedTree9/SpeedTreeBillboardMaster.uasset" 378
"../../../Engine/Plugins/Editor/SpeedTreeImporter/Content/SpeedTree9/SpeedTreeBillboardMaster.uexp" 379
"../../../Engine/Content/EngineSounds/Master.uasset" 380
"../../../Engine/Content/EngineSounds/Master.uexp" 381
"../../../Engine/Content/EngineResources/WhiteSquareTexture.uasset" 382
"../../../Engine/Content/EngineResources/WhiteSquareTexture.uexp" 383
"../../../Engine/Content/EngineMaterials/Widget3DPassThrough.uasset" 384
"../../../Engine/Content/EngineMaterials/Widget3DPassThrough.uexp" 385
"../../../Engine/Content/EngineMaterials/Widget3DPassThrough_Translucent.uasset" 386
"../../../Engine/Content/EngineMaterials/Widget3DPassThrough_Translucent.uexp" 387
"../../../Engine/Content/EngineMaterials/Widget3DPassThrough_Translucent_OneSided.uasset" 388
"../../../Engine/Content/EngineMaterials/Widget3DPassThrough_Translucent_OneSided.uexp" 389
"../../../Engine/Content/EngineMaterials/Widget3DPassThrough_Opaque.uasset" 390
"../../../Engine/Content/EngineMaterials/Widget3DPassThrough_Opaque.uexp" 391
"../../../Engine/Content/EngineMaterials/Widget3DPassThrough_Opaque_OneSided.uasset" 392
"../../../Engine/Content/EngineMaterials/Widget3DPassThrough_Opaque_OneSided.uexp" 393
"../../../Engine/Content/EngineMaterials/Widget3DPassThrough_Masked_OneSided.uasset" 394
"../../../Engine/Content/EngineMaterials/Widget3DPassThrough_Masked_OneSided.uexp" 395
"../../../Engine/Content/EngineMaterials/Widget3DPassThrough_Masked.uasset" 396
"../../../Engine/Content/EngineMaterials/Widget3DPassThrough_Masked.uexp" 397
"../../../Engine/Content/EngineMaterials/STBlueNoise_vec2_128x128x64.uasset" 398
"../../../Engine/Content/EngineMaterials/STBlueNoise_vec2_128x128x64.uexp" 399
"../../../Engine/Content/EngineMaterials/STBlueNoise_scalar_128x128x64.uasset" 400
"../../../Engine/Content/EngineMaterials/STBlueNoise_scalar_128x128x64.uexp" 401
"../../../Engine/Content/EngineMaterials/RemoveSurfaceMaterial.uasset" 402
"../../../Engine/Content/EngineMaterials/RemoveSurfaceMaterial.uexp" 403
"../../../Engine/Content/EngineMaterials/DefaultCalibrationGrayscale.uasset" 404
"../../../Engine/Content/EngineMaterials/DefaultCalibrationGrayscale.uexp" 405
"../../../Engine/Content/EngineMaterials/PPM_DefaultCalibrationGrayscale.uasset" 406
"../../../Engine/Content/EngineMaterials/PPM_DefaultCalibrationGrayscale.uexp" 407
"../../../Engine/Content/EngineMaterials/DefaultCalibrationColor.uasset" 408
"../../../Engine/Content/EngineMaterials/DefaultCalibrationColor.uexp" 409
"../../../Engine/Content/EngineMaterials/PPM_DefaultCalibrationColor.uasset" 410
"../../../Engine/Content/EngineMaterials/PPM_DefaultCalibrationColor.uexp" 411
"../../../Engine/Content/EngineMaterials/PhAT_JointLimitMaterial.uasset" 412
"../../../Engine/Content/EngineMaterials/PhAT_JointLimitMaterial.uexp" 413
"../../../Engine/Content/EngineMaterials/NaniteHiddenSectionMaterial.uasset" 414
"../../../Engine/Content/EngineMaterials/NaniteHiddenSectionMaterial.uexp" 415
"../../../Engine/Content/EngineMaterials/InvalidLightmapSettings.ubulk" 416
"../../../Engine/Content/EngineMaterials/InvalidLightmapSettings.uasset" 417
"../../../Engine/Content/EngineMaterials/InvalidLightmapSettings.uexp" 418
"../../../Engine/Content/EngineMaterials/M_InvalidLightmapSettings.uasset" 419
"../../../Engine/Content/EngineMaterials/M_InvalidLightmapSettings.uexp" 420
"../../../Engine/Content/EngineMaterials/GizmoMaterial.uasset" 421
"../../../Engine/Content/EngineMaterials/GizmoMaterial.uexp" 422
"../../../Engine/Content/EngineMaterials/BaseFlattenEmissiveMap_VT.uasset" 423
"../../../Engine/Content/EngineMaterials/BaseFlattenEmissiveMap_VT.uexp" 424
"../../../Engine/Content/EngineMaterials/BaseFlattenGrayscaleMap_VT.uasset" 425
"../../../Engine/Content/EngineMaterials/BaseFlattenGrayscaleMap_VT.uexp" 426
"../../../Engine/Content/EngineMaterials/BaseFlattenLinearColor_VT.uasset" 427
"../../../Engine/Content/EngineMaterials/BaseFlattenLinearColor_VT.uexp" 428
"../../../Engine/Content/EngineMaterials/Black_1x1_EXR_Texture_VT.uasset" 429
"../../../Engine/Content/EngineMaterials/Black_1x1_EXR_Texture_VT.uexp" 430
"../../../Engine/Content/EngineMaterials/BaseFlattenDiffuseMap_VT.uasset" 431
"../../../Engine/Content/EngineMaterials/BaseFlattenDiffuseMap_VT.uexp" 432
"../../../Engine/Content/EngineMaterials/BaseFlattenNormalMap_VT.uasset" 433
"../../../Engine/Content/EngineMaterials/BaseFlattenNormalMap_VT.uexp" 434
"../../../Engine/Content/EngineMaterials/FlattenMaterial_WS_Normal_VT.uasset" 435
"../../../Engine/Content/EngineMaterials/FlattenMaterial_WS_Normal_VT.uexp" 436
"../../../Engine/Content/EngineMaterials/FlattenMaterial_VT.uasset" 437
"../../../Engine/Content/EngineMaterials/FlattenMaterial_VT.uexp" 438
"../../../Engine/Content/EngineMaterials/BaseFlattenNormalMap.uasset" 439
"../../../Engine/Content/EngineMaterials/BaseFlattenNormalMap.uexp" 440
"../../../Engine/Content/EngineMaterials/BaseFlattenGrayscaleMap.uasset" 441
"../../../Engine/Content/EngineMaterials/BaseFlattenGrayscaleMap.uexp" 442
"../../../Engine/Content/EngineMaterials/BaseFlattenDiffuseMap.uasset" 443
"../../../Engine/Content/EngineMaterials/BaseFlattenDiffuseMap.uexp" 444
"../../../Engine/Content/Functions/Engine_MaterialFunctions02/PivotPainter2/Black_1x1_EXR_Texture.uasset" 445
"../../../Engine/Content/Functions/Engine_MaterialFunctions02/PivotPainter2/Black_1x1_EXR_Texture.uexp" 446
"../../../Engine/Content/EngineMaterials/BaseFlattenEmissiveMap.uasset" 447
"../../../Engine/Content/EngineMaterials/BaseFlattenEmissiveMap.uexp" 448
"../../../Engine/Content/EngineMaterials/BaseFlattenLinearColor.uasset" 449
"../../../Engine/Content/EngineMaterials/BaseFlattenLinearColor.uexp" 450
"../../../Engine/Content/EngineMaterials/FlattenMaterial.uasset" 451
"../../../Engine/Content/EngineMaterials/FlattenMaterial.uexp" 452
"../../../Engine/Content/EngineMaterials/DefaultWhiteGrid_Low.uasset" 453
"../../../Engine/Content/EngineMaterials/DefaultWhiteGrid_Low.uexp" 454
"../../../Engine/Content/EngineMaterials/EmissiveMeshMaterial.uasset" 455
"../../../Engine/Content/EngineMaterials/EmissiveMeshMaterial.uexp" 456
"../../../Engine/Content/EngineFonts/RobotoDistanceField.uasset" 457
"../../../Engine/Content/EngineFonts/RobotoDistanceField.uexp" 458
"../../../Engine/Content/EngineMaterials/DefaultTextMaterialOpaque.uasset" 459
"../../../Engine/Content/EngineMaterials/DefaultTextMaterialOpaque.uexp" 460
"../../../Engine/Content/EngineMaterials/DefaultDiffuse.ubulk" 461
"../../../Engine/Content/EngineMaterials/DefaultDiffuse.uasset" 462
"../../../Engine/Content/EngineMaterials/DefaultDiffuse.uexp" 463
"../../../Engine/Content/Functions/Engine_MaterialFunctions02/Utility/BreakOutFloat2Components.uasset" 464
"../../../Engine/Content/Functions/Engine_MaterialFunctions02/Utility/BreakOutFloat2Components.uexp" 465
"../../../Engine/Content/EngineMaterials/DefaultPostProcessMaterial.uasset" 466
"../../../Engine/Content/EngineMaterials/DefaultPostProcessMaterial.uexp" 467
"../../../Engine/Content/EngineMaterials/DefaultPhysicalMaterial.uasset" 468
"../../../Engine/Content/EngineMaterials/DefaultPhysicalMaterial.uexp" 469
"../../../Engine/Content/EngineMaterials/DefaultLightFunctionMaterial.uasset" 470
"../../../Engine/Content/EngineMaterials/DefaultLightFunctionMaterial.uexp" 471
"../../../Engine/Content/EngineMaterials/DefaultDestructiblePhysicalMaterial.uasset" 472
"../../../Engine/Content/EngineMaterials/DefaultDestructiblePhysicalMaterial.uexp" 473
"../../../Engine/Content/EngineMaterials/DefaultDeferredDecalMaterial.uasset" 474
"../../../Engine/Content/EngineMaterials/DefaultDeferredDecalMaterial.uexp" 475
"../../../Engine/Content/EngineMaterials/DefaultBloomKernel.uasset" 476
"../../../Engine/Content/EngineMaterials/DefaultBloomKernel.uexp" 477
"../../../Engine/Content/EngineFonts/Faces/RobotoLight.uexp" 478
"../../../Engine/Content/EngineFonts/Faces/RobotoLight.uasset" 479
"../../../Engine/Content/EngineFonts/Faces/RobotoLight.ufont" 480
"../../../Engine/Content/EngineFonts/Faces/RobotoBold.uexp" 481
"../../../Engine/Content/EngineFonts/Faces/RobotoBold.uasset" 482
"../../../Engine/Content/EngineFonts/Faces/RobotoBold.ufont" 483
"../../../Engine/Content/EngineFonts/Faces/RobotoRegular.uexp" 484
"../../../Engine/Content/EngineFonts/Faces/RobotoRegular.uasset" 485
"../../../Engine/Content/EngineFonts/Faces/RobotoRegular.ufont" 486
"../../../Engine/Content/EngineFonts/Faces/DroidSansFallback.uexp" 487
"../../../Engine/Content/EngineFonts/Faces/DroidSansFallback.uasset" 488
"../../../Engine/Content/EngineFonts/Faces/DroidSansFallback.ufont" 489
"../../../Engine/Content/EngineFonts/Faces/RobotoItalic.uexp" 490
"../../../Engine/Content/EngineFonts/Faces/RobotoItalic.uasset" 491
"../../../Engine/Content/EngineFonts/Faces/RobotoItalic.ufont" 492
"../../../Engine/Content/EngineFonts/Faces/RobotoBoldItalic.uexp" 493
"../../../Engine/Content/EngineFonts/Faces/RobotoBoldItalic.uasset" 494
"../../../Engine/Content/EngineFonts/Faces/RobotoBoldItalic.ufont" 495
"../../../Engine/Content/EngineFonts/Roboto.uasset" 496
"../../../Engine/Content/EngineFonts/Roboto.uexp" 497
"../../../Engine/Content/EditorResources/EmptyActor.uasset" 498
"../../../Engine/Content/EditorResources/EmptyActor.uexp" 499
"../../../Engine/Content/EditorResources/BSPVertex.uasset" 500
"../../../Engine/Content/EditorResources/BSPVertex.uexp" 501
"../../../Engine/Content/EditorMaterials/PreviewShadowIndicator.ubulk" 502
"../../../Engine/Content/EditorMaterials/PreviewShadowIndicator.uasset" 503
"../../../Engine/Content/EditorMaterials/PreviewShadowIndicator.uexp" 504
"../../../Engine/Content/EditorMaterials/PreviewShadowIndicatorMaterial.uasset" 505
"../../../Engine/Content/EditorMaterials/PreviewShadowIndicatorMaterial.uexp" 506
"../../../Engine/Content/EditorMaterials/PhAT_UnselectedMaterial.uasset" 507
"../../../Engine/Content/EditorMaterials/PhAT_UnselectedMaterial.uexp" 508
"../../../Engine/Content/EditorMaterials/PhAT_NoCollisionMaterial.uasset" 509
"../../../Engine/Content/EditorMaterials/PhAT_NoCollisionMaterial.uexp" 510
"../../../Engine/Content/EditorLandscapeResources/DefaultAlphaTexture.uasset" 511
"../../../Engine/Content/EditorLandscapeResources/DefaultAlphaTexture.uexp" 512
"../../../Engine/Content/EditorLandscapeResources/DataLayer.uasset" 513
"../../../Engine/Content/EditorLandscapeResources/DataLayer.uexp" 514
"../../../Engine/Content/MobileResources/HUD/VirtualJoystick_Background.uasset" 515
"../../../Engine/Content/MobileResources/HUD/VirtualJoystick_Background.uexp" 516
"../../../Engine/Content/MobileResources/HUD/VirtualJoystick_Thumb.uasset" 517
"../../../Engine/Content/MobileResources/HUD/VirtualJoystick_Thumb.uexp" 518
"../../../Engine/Content/MobileResources/HUD/DefaultVirtualJoysticks.uasset" 519
"../../../Engine/Content/MobileResources/HUD/DefaultVirtualJoysticks.uexp" 520
"../../../Engine/Content/EngineSounds/ReverbSettings/Forest.uasset" 521
"../../../Engine/Content/EngineSounds/ReverbSettings/Forest.uexp" 522
"../../../Engine/Content/EngineSky/VolumetricClouds/CloudWeatherTexture.uasset" 523
"../../../Engine/Content/EngineSky/VolumetricClouds/CloudWeatherTexture.uexp" 524
"../../../Engine/Content/Functions/Engine_MaterialFunctions02/Utility/MakeFloat2.uasset" 525
"../../../Engine/Content/Functions/Engine_MaterialFunctions02/Utility/MakeFloat2.uexp" 526
"../../../Engine/Content/EngineSky/VolumetricClouds/CloudGradientTexture.uasset" 527
"../../../Engine/Content/EngineSky/VolumetricClouds/CloudGradientTexture.uexp" 528
"../../../Engine/Content/EngineSky/VolumetricClouds/T_NoiseShape64.ubulk" 529
"../../../Engine/Content/EngineSky/VolumetricClouds/T_NoiseShape64.uasset" 530
"../../../Engine/Content/EngineSky/VolumetricClouds/T_NoiseShape64.uexp" 531
"../../../Engine/Content/EngineSky/VolumetricClouds/T_VolumeNoiseShape64.uasset" 532
"../../../Engine/Content/EngineSky/VolumetricClouds/T_VolumeNoiseShape64.uexp" 533
"../../../Engine/Content/EngineSky/VolumetricClouds/T_NoiseErosion.ubulk" 534
"../../../Engine/Content/EngineSky/VolumetricClouds/T_NoiseErosion.uasset" 535
"../../../Engine/Content/EngineSky/VolumetricClouds/T_NoiseErosion.uexp" 536
"../../../Engine/Content/EngineSky/VolumetricClouds/T_VolumeNoiseErosion32.uasset" 537
"../../../Engine/Content/EngineSky/VolumetricClouds/T_VolumeNoiseErosion32.uexp" 538
"../../../Engine/Content/EngineSky/VolumetricClouds/m_SimpleVolumetricCloud.uasset" 539
"../../../Engine/Content/EngineSky/VolumetricClouds/m_SimpleVolumetricCloud.uexp" 540
"../../../Engine/Content/EngineSky/VolumetricClouds/m_SimpleVolumetricCloud_Inst.uasset" 541
"../../../Engine/Content/EngineSky/VolumetricClouds/m_SimpleVolumetricCloud_Inst.uexp" 542
"../../../Engine/Content/EngineResources/FilmGrains/Marcie_Grain_v3_128_M2_000.uasset" 543
"../../../Engine/Content/EngineResources/FilmGrains/Marcie_Grain_v3_128_M2_000.uexp" 544
"../../../Engine/Content/EditorResources/SequenceRecorder/RecordingIndicator.uasset" 545
"../../../Engine/Content/EditorResources/SequenceRecorder/RecordingIndicator.uexp" 546
"../../../Engine/Content/EditorResources/SequenceRecorder/Countdown.uasset" 547
"../../../Engine/Content/EditorResources/SequenceRecorder/Countdown.uexp" 548
"../../../Engine/Content/EditorResources/LightIcons/S_LightError.uasset" 549
"../../../Engine/Content/EditorResources/LightIcons/S_LightError.uexp" 550
"../../../Engine/Content/Functions/Engine_MaterialFunctions01/Shading/PowerToRoughness.uasset" 551
"../../../Engine/Content/Functions/Engine_MaterialFunctions01/Shading/PowerToRoughness.uexp" 552
"../../../Engine/Content/Functions/Engine_MaterialFunctions01/Shading/ConvertFromDiffSpec.uasset" 553
"../../../Engine/Content/Functions/Engine_MaterialFunctions01/Shading/ConvertFromDiffSpec.uexp" 554
"../../../Engine/Content/Maps/Entry_BuiltData.uasset" 555
"../../../Engine/Content/Maps/Entry_BuiltData.uexp" 556
"../../../Engine/Content/Maps/Entry.uexp" 557
"../../../Engine/Content/Maps/Entry.umap" 558
"../../../Engine/Content/BasicShapes/Cube.ubulk" 559
"../../../Engine/Content/BasicShapes/Cube.uasset" 560
"../../../Engine/Content/BasicShapes/Cube.uexp" 561
"../../../Engine/Content/BasicShapes/Plane.ubulk" 562
"../../../Engine/Content/BasicShapes/Plane.uasset" 563
"../../../Engine/Content/BasicShapes/Plane.uexp" 564
"../../../Engine/Content/BasicShapes/Cone.ubulk" 565
"../../../Engine/Content/BasicShapes/Cone.uasset" 566
"../../../Engine/Content/BasicShapes/Cone.uexp" 567
"C:/Users/Corey Willis/Documents/GitHub/Gloomscape/Content/Gloomscape/Media/SoundEffects/gloom_atten.uasset" 568
"C:/Users/Corey Willis/Documents/GitHub/Gloomscape/Content/Gloomscape/Media/SoundEffects/gloom_atten.uexp" 569
"C:/Users/Corey Willis/Documents/GitHub/Gloomscape/Content/Gloomscape/Media/SoundEffects/insults/insult5.ubulk" 570
"C:/Users/Corey Willis/Documents/GitHub/Gloomscape/Content/Gloomscape/Media/SoundEffects/insults/insult5.uasset" 571
"C:/Users/Corey Willis/Documents/GitHub/Gloomscape/Content/Gloomscape/Media/SoundEffects/insults/insult5.uexp" 572
"../../../Engine/Plugins/FX/Niagara/Content/Enums/ENiagaraSphereDistributionMode.uasset" 573
"../../../Engine/Plugins/FX/Niagara/Content/Enums/ENiagaraSphereDistributionMode.uexp" 574
"../../../Engine/Plugins/FX/Niagara/Content/Enums/Wind/ENiagaraWindTurbulenceFrequencyMode.uasset" 575
"../../../Engine/Plugins/FX/Niagara/Content/Enums/Wind/ENiagaraWindTurbulenceFrequencyMode.uexp" 576
"../../../Engine/Plugins/FX/Niagara/Content/Enums/ENiagaraRandomnessMode.uasset" 577
"../../../Engine/Plugins/FX/Niagara/Content/Enums/ENiagaraRandomnessMode.uexp" 578
"../../../Engine/Plugins/FX/Niagara/Content/Enums/ENiagaraTorusDistributionMode.uasset" 579
"../../../Engine/Plugins/FX/Niagara/Content/Enums/ENiagaraTorusDistributionMode.uexp" 580
"../../../Engine/Plugins/FX/Niagara/Content/Enums/ENiagaraRandomnessEvaluation.uasset" 581
"../../../Engine/Plugins/FX/Niagara/Content/Enums/ENiagaraRandomnessEvaluation.uexp" 582
"../../../Engine/Plugins/FX/Niagara/Content/Enums/Location/ENiagara_LocationShapes.uasset" 583
"../../../Engine/Plugins/FX/Niagara/Content/Enums/Location/ENiagara_LocationShapes.uexp" 584
"../../../Engine/Plugins/FX/Niagara/Content/Enums/ENiagara_MassInitializationMode.uasset" 585
"../../../Engine/Plugins/FX/Niagara/Content/Enums/ENiagara_MassInitializationMode.uexp" 586
"../../../Engine/Plugins/FX/Niagara/Content/Enums/ENiagara_SubUVLookupModeV2.uasset" 587
"../../../Engine/Plugins/FX/Niagara/Content/Enums/ENiagara_SubUVLookupModeV2.uexp" 588
"../../../Engine/Plugins/FX/Niagara/Content/Enums/Location/ENiagara_CylinderMode.uasset" 589
"../../../Engine/Plugins/FX/Niagara/Content/Enums/Location/ENiagara_CylinderMode.uexp" 590
"../../../Engine/Plugins/FX/Niagara/Content/Enums/ENiagaraDragCoefficientShapeMode.uasset" 591
"../../../Engine/Plugins/FX/Niagara/Content/Enums/ENiagaraDragCoefficientShapeMode.uexp" 592
"../../../Engine/Plugins/FX/Niagara/Content/Enums/ENiagaraAerodynamicDragPivotMode.uasset" 593
"../../../Engine/Plugins/FX/Niagara/Content/Enums/ENiagaraAerodynamicDragPivotMode.uexp" 594
"../../../Engine/Plugins/FX/Niagara/Content/Enums/ENiagaraVector4_Channels.uasset" 595
"../../../Engine/Plugins/FX/Niagara/Content/Enums/ENiagaraVector4_Channels.uexp" 596
"../../../Engine/Plugins/FX/Niagara/Content/Enums/Wind/ENiagaraWindTurbulenceMode.uasset" 597
"../../../Engine/Plugins/FX/Niagara/Content/Enums/Wind/ENiagaraWindTurbulenceMode.uexp" 598
"../../../Engine/Plugins/FX/Niagara/Content/Enums/ENiagara_PositionInitializationMode.uasset" 599
"../../../Engine/Plugins/FX/Niagara/Content/Enums/ENiagara_PositionInitializationMode.uexp" 600
"../../../Engine/Plugins/FX/Niagara/Content/Icons/Modules/T_Icon_Solver_LimitSpeed.uasset" 601
"../../../Engine/Plugins/FX/Niagara/Content/Icons/Modules/T_Icon_Solver_LimitSpeed.uexp" 602
"../../../Engine/Plugins/FX/Niagara/Content/Icons/Modules/T_Icon_Solver_RotationalSolve.uasset" 603
"../../../Engine/Plugins/FX/Niagara/Content/Icons/Modules/T_Icon_Solver_RotationalSolve.uexp" 604
"../../../Engine/Plugins/FX/Niagara/Content/Icons/Modules/T_Icon_Solver_LimitAccel.uasset" 605
"../../../Engine/Plugins/FX/Niagara/Content/Icons/Modules/T_Icon_Solver_LimitAccel.uexp" 606
"../../../Engine/Plugins/FX/Niagara/Content/Enums/SpriteRenderer/ENiagara_FPSPlayrate.uasset" 607
"../../../Engine/Plugins/FX/Niagara/Content/Enums/SpriteRenderer/ENiagara_FPSPlayrate.uexp" 608
"../../../Engine/Plugins/FX/Niagara/Content/VectorFields/Assets/TilingCurl32.uasset" 609
"../../../Engine/Plugins/FX/Niagara/Content/VectorFields/Assets/TilingCurl32.uexp" 610
"../../../Engine/Plugins/FX/Niagara/Content/Enums/ENiagaraScaleColorMode.uasset" 611
"../../../Engine/Plugins/FX/Niagara/Content/Enums/ENiagaraScaleColorMode.uexp" 612
"../../../Engine/Plugins/FX/Niagara/Content/Enums/ENiagara_SizeScaleMode.uasset" 613
"../../../Engine/Plugins/FX/Niagara/Content/Enums/ENiagara_SizeScaleMode.uexp" 614
"../../../Engine/Plugins/FX/Niagara/Content/Enums/ENiagara_UVFlippingMode.uasset" 615
"../../../Engine/Plugins/FX/Niagara/Content/Enums/ENiagara_UVFlippingMode.uexp" 616
"../../../Engine/Plugins/FX/Niagara/Content/Enums/Ribbons/ENiagara_UnsetDirectSetRandom.uasset" 617
"../../../Engine/Plugins/FX/Niagara/Content/Enums/Ribbons/ENiagara_UnsetDirectSetRandom.uexp" 618
"../../../Engine/Plugins/FX/Niagara/Content/Enums/ENiagara_LifetimeMode.uasset" 619
"../../../Engine/Plugins/FX/Niagara/Content/Enums/ENiagara_LifetimeMode.uexp" 620
"../../../Engine/Plugins/FX/Niagara/Content/Enums/Ribbons/ENiagara_UnsetDirectSet.uasset" 621
"../../../Engine/Plugins/FX/Niagara/Content/Enums/Ribbons/ENiagara_UnsetDirectSet.uexp" 622
"../../../Engine/Plugins/FX/Niagara/Content/Enums/ENiagara_SpriteRotationMode.uasset" 623
"../../../Engine/Plugins/FX/Niagara/Content/Enums/ENiagara_SpriteRotationMode.uexp" 624
"../../../Engine/Plugins/FX/Niagara/Content/Enums/ENiagara_ColorInitializationMode.uasset" 625
"../../../Engine/Plugins/FX/Niagara/Content/Enums/ENiagara_ColorInitializationMode.uexp" 626
"../../../Engine/Plugins/FX/Niagara/Content/Enums/ENiagaraChannelCorrelation.uasset" 627
"../../../Engine/Plugins/FX/Niagara/Content/Enums/ENiagaraChannelCorrelation.uexp" 628
"../../../Engine/Plugins/FX/Niagara/Content/Enums/Transforms/ENiagara_ScaleMode.uasset" 629
"../../../Engine/Plugins/FX/Niagara/Content/Enums/Transforms/ENiagara_ScaleMode.uexp" 630
"../../../Engine/Plugins/FX/Niagara/Content/Enums/ENiagaraCurlNoiseQuality.uasset" 631
"../../../Engine/Plugins/FX/Niagara/Content/Enums/ENiagaraCurlNoiseQuality.uexp" 632
"../../../Engine/Plugins/FX/Niagara/Content/Enums/ENiagaraEmitterLifeCycleMode.uasset" 633
"../../../Engine/Plugins/FX/Niagara/Content/Enums/ENiagaraEmitterLifeCycleMode.uexp" 634
"../../../Engine/Plugins/FX/Niagara/Content/Enums/ENiagara_InfiniteLoopDuration.uasset" 635
"../../../Engine/Plugins/FX/Niagara/Content/Enums/ENiagara_InfiniteLoopDuration.uexp" 636
"../../../Engine/Plugins/FX/Niagara/Content/Enums/ENiagara_EmitterStateOptions.uasset" 637
"../../../Engine/Plugins/FX/Niagara/Content/Enums/ENiagara_EmitterStateOptions.uexp" 638
"../../../Engine/Plugins/FX/Niagara/Content/Enums/ENiagaraInactiveMode.uasset" 639
"../../../Engine/Plugins/FX/Niagara/Content/Enums/ENiagaraInactiveMode.uexp" 640
"../../../Engine/Plugins/FX/Niagara/Content/Enums/ENiagaraExecutionStateManagement.uasset" 641
"../../../Engine/Plugins/FX/Niagara/Content/Enums/ENiagaraExecutionStateManagement.uexp" 642
"../../../Engine/Plugins/FX/Niagara/Content/Enums/ENiagaraEmitterScalabilityMode_Limited.uasset" 643
"../../../Engine/Plugins/FX/Niagara/Content/Enums/ENiagaraEmitterScalabilityMode_Limited.uexp" 644
"../../../Engine/Plugins/FX/Niagara/Content/Enums/Wind/ENiagaraWindGroundMaskMode.uasset" 645
"../../../Engine/Plugins/FX/Niagara/Content/Enums/Wind/ENiagaraWindGroundMaskMode.uexp" 646
"../../../Engine/Plugins/FX/Niagara/Content/Enums/ENiagaraMeshOrSprite.uasset" 647
"../../../Engine/Plugins/FX/Niagara/Content/Enums/ENiagaraMeshOrSprite.uexp" 648
"../../../Engine/Plugins/FX/Niagara/Content/Enums/Location/ENiagara_ConeMode.uasset" 649
"../../../Engine/Plugins/FX/Niagara/Content/Enums/Location/ENiagara_ConeMode.uexp" 650
"../../../Engine/Plugins/FX/Niagara/Content/Enums/ENiagara_WrapClamp.uasset" 651
"../../../Engine/Plugins/FX/Niagara/Content/Enums/ENiagara_WrapClamp.uexp" 652
"../../../Engine/Plugins/FX/Niagara/Content/Enums/Wind/ENiagaraWindCombingMode.uasset" 653
"../../../Engine/Plugins/FX/Niagara/Content/Enums/Wind/ENiagaraWindCombingMode.uexp" 654
"../../../Engine/Plugins/FX/Niagara/Content/VectorFields/Assets/TilingCurl64.uasset" 655
"../../../Engine/Plugins/FX/Niagara/Content/VectorFields/Assets/TilingCurl64.uexp" 656
"../../../Engine/Plugins/FX/Niagara/Content/Enums/Wind/ENiagaraWindTurbulenceContributionMode.uasset" 657
"../../../Engine/Plugins/FX/Niagara/Content/Enums/Wind/ENiagaraWindTurbulenceContributionMode.uexp" 658
"../../../Engine/Plugins/FX/Niagara/Content/VectorFields/Assets/TilingCurl16.uasset" 659
"../../../Engine/Plugins/FX/Niagara/Content/VectorFields/Assets/TilingCurl16.uexp" 660
"../../../Engine/Plugins/FX/Niagara/Content/Enums/Wind/ENiagaraWindOffsetMode.uasset" 661
"../../../Engine/Plugins/FX/Niagara/Content/Enums/Wind/ENiagaraWindOffsetMode.uexp" 662
"../../../Engine/Plugins/FX/Niagara/Content/Enums/Wind/ENiagaraWindFrictionDistanceMode.uasset" 663
"../../../Engine/Plugins/FX/Niagara/Content/Enums/Wind/ENiagaraWindFrictionDistanceMode.uexp" 664
"../../../Engine/Plugins/FX/Niagara/Content/Enums/Wind/ENiagaraWindFrictionMode.uasset" 665
"../../../Engine/Plugins/FX/Niagara/Content/Enums/Wind/ENiagaraWindFrictionMode.uexp" 666
"../../../Engine/Plugins/FX/Niagara/Content/Enums/SpriteRenderer/ENiagara_AutomaticManual.uasset" 667
"../../../Engine/Plugins/FX/Niagara/Content/Enums/SpriteRenderer/ENiagara_AutomaticManual.uexp" 668
"../../../Engine/Plugins/FX/Niagara/Content/Enums/Angles/ENiagara_AngleInput.uasset" 669
"../../../Engine/Plugins/FX/Niagara/Content/Enums/Angles/ENiagara_AngleInput.uexp" 670
"../../../Engine/Plugins/FX/Niagara/Content/Enums/ENiagaraSystemInactiveMode.uasset" 671
"../../../Engine/Plugins/FX/Niagara/Content/Enums/ENiagaraSystemInactiveMode.uexp" 672
"../../../Engine/Plugins/FX/Niagara/Content/Enums/ENiagara_AttributeSamplingApplyOutput.uasset" 673
"../../../Engine/Plugins/FX/Niagara/Content/Enums/ENiagara_AttributeSamplingApplyOutput.uexp" 674
"../../../Engine/Plugins/FX/Niagara/Content/Enums/ENiagara_SubUVLookupMode.uasset" 675
"../../../Engine/Plugins/FX/Niagara/Content/Enums/ENiagara_SubUVLookupMode.uexp" 676
"../../../Engine/Plugins/FX/Niagara/Content/Enums/Transforms/ENiagara_OffsetMode.uasset" 677
"../../../Engine/Plugins/FX/Niagara/Content/Enums/Transforms/ENiagara_OffsetMode.uexp" 678
"../../../Engine/Content/Tutorial/SubEditors/TutorialAssets/T_SmokeSubUV_8X8.ubulk" 679
"../../../Engine/Content/Tutorial/SubEditors/TutorialAssets/T_SmokeSubUV_8X8.uasset" 680
"../../../Engine/Content/Tutorial/SubEditors/TutorialAssets/T_SmokeSubUV_8X8.uexp" 681
"../../../Engine/Content/Tutorial/SubEditors/TutorialAssets/T_soft_smoke.ubulk" 682
"../../../Engine/Content/Tutorial/SubEditors/TutorialAssets/T_soft_smoke.uasset" 683
"../../../Engine/Content/Tutorial/SubEditors/TutorialAssets/T_soft_smoke.uexp" 684
"C:/Users/Corey Willis/Documents/GitHub/Gloomscape/Content/Gloomscape/FX/Mist/M_smoke_subUV_Mist.uasset" 685
"C:/Users/Corey Willis/Documents/GitHub/Gloomscape/Content/Gloomscape/FX/Mist/M_smoke_subUV_Mist.uexp" 686
"../../../Engine/Plugins/FX/Niagara/Content/Enums/Location/ENiagara_BoxPlaneMode.uasset" 687
"../../../Engine/Plugins/FX/Niagara/Content/Enums/Location/ENiagara_BoxPlaneMode.uexp" 688
"../../../Engine/Plugins/FX/Niagara/Content/Enums/Transforms/ENiagara_TransformOrder.uasset" 689
"../../../Engine/Plugins/FX/Niagara/Content/Enums/Transforms/ENiagara_TransformOrder.uexp" 690
"../../../Engine/Plugins/FX/Niagara/Content/Enums/Location/ENiagaraRingDiscMode.uasset" 691
"../../../Engine/Plugins/FX/Niagara/Content/Enums/Location/ENiagaraRingDiscMode.uexp" 692
"../../../Engine/Plugins/FX/Niagara/Content/Enums/Transforms/ENiagara_RotationMode.uasset" 693
"../../../Engine/Plugins/FX/Niagara/Content/Enums/Transforms/ENiagara_RotationMode.uexp" 694
"../../../Engine/Plugins/FX/Niagara/Content/Enums/ENiagaraShapeTorusMode.uasset" 695
"../../../Engine/Plugins/FX/Niagara/Content/Enums/ENiagaraShapeTorusMode.uexp" 696
"../../../Engine/Plugins/FX/Niagara/Content/Enums/ENiagaraExpansionMode.uasset" 697
"../../../Engine/Plugins/FX/Niagara/Content/Enums/ENiagaraExpansionMode.uexp" 698
"../../../Engine/Plugins/FX/Niagara/Content/Enums/Transforms/ENiagara_TransformType.uasset" 699
"../../../Engine/Plugins/FX/Niagara/Content/Enums/Transforms/ENiagara_TransformType.uexp" 700
"../../../Engine/Plugins/FX/Niagara/Content/Icons/Modules/T_Icon_Particle_InfiniteLife.uasset" 701
"../../../Engine/Plugins/FX/Niagara/Content/Icons/Modules/T_Icon_Particle_InfiniteLife.uexp" 702
"../../../Engine/Plugins/FX/Niagara/Content/Enums/SpriteRenderer/ENiagara_ScaleSpriteSize.uasset" 703
"../../../Engine/Plugins/FX/Niagara/Content/Enums/SpriteRenderer/ENiagara_ScaleSpriteSize.uexp" 704
"C:/Users/Corey Willis/Documents/GitHub/Gloomscape/Content/Gloomscape/FX/FireEnemy/NS_Fire.uasset" 705
"C:/Users/Corey Willis/Documents/GitHub/Gloomscape/Content/Gloomscape/FX/FireEnemy/NS_Fire.uexp" 706
"C:/Users/Corey Willis/Documents/GitHub/Gloomscape/Content/Gloomscape/Media/SoundEffects/insults/insult4.ubulk" 707
"C:/Users/Corey Willis/Documents/GitHub/Gloomscape/Content/Gloomscape/Media/SoundEffects/insults/insult4.uasset" 708
"C:/Users/Corey Willis/Documents/GitHub/Gloomscape/Content/Gloomscape/Media/SoundEffects/insults/insult4.uexp" 709
"C:/Users/Corey Willis/Documents/GitHub/Gloomscape/Content/Gloomscape/Media/SoundEffects/witches-ambient-horror-invented-language-22409.ubulk" 710
"C:/Users/Corey Willis/Documents/GitHub/Gloomscape/Content/Gloomscape/Media/SoundEffects/witches-ambient-horror-invented-language-22409.uasset" 711
"C:/Users/Corey Willis/Documents/GitHub/Gloomscape/Content/Gloomscape/Media/SoundEffects/witches-ambient-horror-invented-language-22409.uexp" 712
"C:/Users/Corey Willis/Documents/GitHub/Gloomscape/Content/Gloomscape/Materials/M_Glass_WithColor.uasset" 713
"C:/Users/Corey Willis/Documents/GitHub/Gloomscape/Content/Gloomscape/Materials/M_Glass_WithColor.uexp" 714
"C:/Users/Corey Willis/Documents/GitHub/Gloomscape/Content/Gloomscape/Media/SoundEffects/insults/insult3.ubulk" 715
"C:/Users/Corey Willis/Documents/GitHub/Gloomscape/Content/Gloomscape/Media/SoundEffects/insults/insult3.uasset" 716
"C:/Users/Corey Willis/Documents/GitHub/Gloomscape/Content/Gloomscape/Media/SoundEffects/insults/insult3.uexp" 717
"C:/Users/Corey Willis/Documents/GitHub/Gloomscape/Content/Gloomscape/Media/SoundEffects/game-teleport-90735.ubulk" 718
"C:/Users/Corey Willis/Documents/GitHub/Gloomscape/Content/Gloomscape/Media/SoundEffects/game-teleport-90735.uasset" 719
"C:/Users/Corey Willis/Documents/GitHub/Gloomscape/Content/Gloomscape/Media/SoundEffects/game-teleport-90735.uexp" 720
"C:/Users/Corey Willis/Documents/GitHub/Gloomscape/Content/Gloomscape/Media/SoundEffects/insults/insult2.ubulk" 721
"C:/Users/Corey Willis/Documents/GitHub/Gloomscape/Content/Gloomscape/Media/SoundEffects/insults/insult2.uasset" 722
"C:/Users/Corey Willis/Documents/GitHub/Gloomscape/Content/Gloomscape/Media/SoundEffects/insults/insult2.uexp" 723
"C:/Users/Corey Willis/Documents/GitHub/Gloomscape/Content/Gloomscape/Media/SoundEffects/insults/insult1.ubulk" 724
"C:/Users/Corey Willis/Documents/GitHub/Gloomscape/Content/Gloomscape/Media/SoundEffects/insults/insult1.uasset" 725
"C:/Users/Corey Willis/Documents/GitHub/Gloomscape/Content/Gloomscape/Media/SoundEffects/insults/insult1.uexp" 726
"C:/Users/Corey Willis/Documents/GitHub/Gloomscape/Content/Gloomscape/FirstPerson/Input/Actions/IA_InteractBTN.uasset" 727
"C:/Users/Corey Willis/Documents/GitHub/Gloomscape/Content/Gloomscape/FirstPerson/Input/Actions/IA_InteractBTN.uexp" 728
"C:/Users/Corey Willis/Documents/GitHub/Gloomscape/Content/Gloomscape/FirstPerson/Input/Actions/IA_Look.uasset" 729
"C:/Users/Corey Willis/Documents/GitHub/Gloomscape/Content/Gloomscape/FirstPerson/Input/Actions/IA_Look.uexp" 730
"C:/Users/Corey Willis/Documents/GitHub/Gloomscape/Content/Gloomscape/FirstPerson/Input/Actions/IA_Move.uasset" 731
"C:/Users/Corey Willis/Documents/GitHub/Gloomscape/Content/Gloomscape/FirstPerson/Input/Actions/IA_Move.uexp" 732
"C:/Users/Corey Willis/Documents/GitHub/Gloomscape/Content/Gloomscape/FirstPerson/Input/Actions/IA_Jump.uasset" 733
"C:/Users/Corey Willis/Documents/GitHub/Gloomscape/Content/Gloomscape/FirstPerson/Input/Actions/IA_Jump.uexp" 734
"C:/Users/Corey Willis/Documents/GitHub/Gloomscape/Content/Gloomscape/FirstPerson/Input/IMC_Default.uasset" 735
"C:/Users/Corey Willis/Documents/GitHub/Gloomscape/Content/Gloomscape/FirstPerson/Input/IMC_Default.uexp" 736
"../../../Engine/Content/EditorBlueprintResources/StandardMacros.uasset" 737
"../../../Engine/Content/EditorBlueprintResources/StandardMacros.uexp" 738
"C:/Users/Corey Willis/Documents/GitHub/Gloomscape/Content/Gloomscape/FirstPerson/Blueprints/BP_FirstPersonCharacter.uasset" 739
"C:/Users/Corey Willis/Documents/GitHub/Gloomscape/Content/Gloomscape/FirstPerson/Blueprints/BP_FirstPersonCharacter.uexp" 740
"C:/Users/Corey Willis/Documents/GitHub/Gloomscape/Content/Gloomscape/FX/FireEnemy/BP_Gloomi.uasset" 741
"C:/Users/Corey Willis/Documents/GitHub/Gloomscape/Content/Gloomscape/FX/FireEnemy/BP_Gloomi.uexp" 742
"../../../Engine/Content/BasicShapes/BasicShapeMaterial.uasset" 743
"../../../Engine/Content/BasicShapes/BasicShapeMaterial.uexp" 744
"../../../Engine/Content/BasicShapes/Sphere.ubulk" 745
"../../../Engine/Content/BasicShapes/Sphere.uasset" 746
"../../../Engine/Content/BasicShapes/Sphere.uexp" 747
"C:/Users/Corey Willis/Documents/GitHub/Gloomscape/Content/Gloomscape/FX/FireEnemy/M_smoke_subUV_Fire.uasset" 748
"C:/Users/Corey Willis/Documents/GitHub/Gloomscape/Content/Gloomscape/FX/FireEnemy/M_smoke_subUV_Fire.uexp" 749
"C:/Users/Corey Willis/Documents/GitHub/Gloomscape/Content/Gloomscape/FX/Sphere/NS_Sphere.uasset" 750
"C:/Users/Corey Willis/Documents/GitHub/Gloomscape/Content/Gloomscape/FX/Sphere/NS_Sphere.uexp" 751
"C:/Users/Corey Willis/Documents/GitHub/Gloomscape/Content/StarterContent/Materials/M_Glass.uasset" 752
"C:/Users/Corey Willis/Documents/GitHub/Gloomscape/Content/StarterContent/Materials/M_Glass.uexp" 753
"C:/Users/Corey Willis/Documents/GitHub/Gloomscape/Content/Gloomscape/Blueprints/BlueprintInterfaces/BPI_GloomsqherePickup.uasset" 754
"C:/Users/Corey Willis/Documents/GitHub/Gloomscape/Content/Gloomscape/Blueprints/BlueprintInterfaces/BPI_GloomsqherePickup.uexp" 755
"C:/Users/Corey Willis/Documents/GitHub/Gloomscape/Content/Gloomscape/Media/SoundEffects/gong.ubulk" 756
"C:/Users/Corey Willis/Documents/GitHub/Gloomscape/Content/Gloomscape/Media/SoundEffects/gong.uasset" 757
"C:/Users/Corey Willis/Documents/GitHub/Gloomscape/Content/Gloomscape/Media/SoundEffects/gong.uexp" 758
"C:/Users/Corey Willis/Documents/GitHub/Gloomscape/Content/Gloomscape/Media/SoundEffects/frosty-wind-nature-sounds-8051.ubulk" 759
"C:/Users/Corey Willis/Documents/GitHub/Gloomscape/Content/Gloomscape/Media/SoundEffects/frosty-wind-nature-sounds-8051.uasset" 760
"C:/Users/Corey Willis/Documents/GitHub/Gloomscape/Content/Gloomscape/Media/SoundEffects/frosty-wind-nature-sounds-8051.uexp" 761
"C:/Users/Corey Willis/Documents/GitHub/Gloomscape/Content/Gloomscape/Blueprints/BP_Gloomsphere.uasset" 762
"C:/Users/Corey Willis/Documents/GitHub/Gloomscape/Content/Gloomscape/Blueprints/BP_Gloomsphere.uexp" 763
"C:/Users/Corey Willis/Documents/GitHub/Gloomscape/Content/Gloomscape/Maps/GloomLevel2.uexp" 764
"C:/Users/Corey Willis/Documents/GitHub/Gloomscape/Content/Gloomscape/Maps/GloomLevel2.umap" 765
"C:/Users/Corey Willis/Documents/GitHub/Gloomscape/Content/Gloomscape/_GENERATED/CoreyWillis/Stairs_B2089E4A.ubulk" 766
"C:/Users/Corey Willis/Documents/GitHub/Gloomscape/Content/Gloomscape/_GENERATED/CoreyWillis/Stairs_B2089E4A.uasset" 767
"C:/Users/Corey Willis/Documents/GitHub/Gloomscape/Content/Gloomscape/_GENERATED/CoreyWillis/Stairs_B2089E4A.uexp" 768
"C:/Users/Corey Willis/Documents/GitHub/Gloomscape/Content/Gloomscape/Maps/GloomLevel1_BuiltData.ubulk" 769
"C:/Users/Corey Willis/Documents/GitHub/Gloomscape/Content/Gloomscape/Maps/GloomLevel1_BuiltData.uasset" 770
"C:/Users/Corey Willis/Documents/GitHub/Gloomscape/Content/Gloomscape/Maps/GloomLevel1_BuiltData.uexp" 771
"C:/Users/Corey Willis/Documents/GitHub/Gloomscape/Content/Gloomscape/Blueprints/UI/WBP_DesignGloom.uasset" 772
"C:/Users/Corey Willis/Documents/GitHub/Gloomscape/Content/Gloomscape/Blueprints/UI/WBP_DesignGloom.uexp" 773
"C:/Users/Corey Willis/Documents/GitHub/Gloomscape/Content/Gloomscape/Media/Music/wandering-6394.ubulk" 774
"C:/Users/Corey Willis/Documents/GitHub/Gloomscape/Content/Gloomscape/Media/Music/wandering-6394.uasset" 775
"C:/Users/Corey Willis/Documents/GitHub/Gloomscape/Content/Gloomscape/Media/Music/wandering-6394.uexp" 776
"C:/Users/Corey Willis/Documents/GitHub/Gloomscape/Content/Gloomscape/Blueprints/UI/sphere.uasset" 777
"C:/Users/Corey Willis/Documents/GitHub/Gloomscape/Content/Gloomscape/Blueprints/UI/sphere.uexp" 778
"C:/Users/Corey Willis/Documents/GitHub/Gloomscape/Content/Gloomscape/Blueprints/BlueprintInterfaces/BPI_GloomsqhereUI.uasset" 779
"C:/Users/Corey Willis/Documents/GitHub/Gloomscape/Content/Gloomscape/Blueprints/BlueprintInterfaces/BPI_GloomsqhereUI.uexp" 780
"C:/Users/Corey Willis/Documents/GitHub/Gloomscape/Content/Gloomscape/Blueprints/UI/WBP_Gloomspheres.uasset" 781
"C:/Users/Corey Willis/Documents/GitHub/Gloomscape/Content/Gloomscape/Blueprints/UI/WBP_Gloomspheres.uexp" 782
"C:/Users/Corey Willis/Documents/GitHub/Gloomscape/Content/Gloomscape/Blueprints/BlueprintInterfaces/BPI_ChangeGloom.uasset" 783
"C:/Users/Corey Willis/Documents/GitHub/Gloomscape/Content/Gloomscape/Blueprints/BlueprintInterfaces/BPI_ChangeGloom.uexp" 784
"C:/Users/Corey Willis/Documents/GitHub/Gloomscape/Content/Gloomscape/Blueprints/UI/WBP_InteractPrompt.uasset" 785
"C:/Users/Corey Willis/Documents/GitHub/Gloomscape/Content/Gloomscape/Blueprints/UI/WBP_InteractPrompt.uexp" 786
"../../../Engine/Content/EditorResources/S_ExpoHeightFog.uasset" 787
"../../../Engine/Content/EditorResources/S_ExpoHeightFog.uexp" 788
"C:/Users/Corey Willis/Documents/GitHub/Gloomscape/Content/Gloomscape/Blueprints/BP_TheGloom.uasset" 789
"C:/Users/Corey Willis/Documents/GitHub/Gloomscape/Content/Gloomscape/Blueprints/BP_TheGloom.uexp" 790
"C:/Users/Corey Willis/Documents/GitHub/Gloomscape/Content/Gloomscape/Blueprints/GameMode/BP_GloomplayerState.uasset" 791
"C:/Users/Corey Willis/Documents/GitHub/Gloomscape/Content/Gloomscape/Blueprints/GameMode/BP_GloomplayerState.uexp" 792
"C:/Users/Corey Willis/Documents/GitHub/Gloomscape/Content/Gloomscape/Blueprints/GameMode/BP_GloomGameMode.uasset" 793
"C:/Users/Corey Willis/Documents/GitHub/Gloomscape/Content/Gloomscape/Blueprints/GameMode/BP_GloomGameMode.uexp" 794
"C:/Users/Corey Willis/Documents/GitHub/Gloomscape/Content/Gloomscape/Media/SoundEffects/time-travel-83472.ubulk" 795
"C:/Users/Corey Willis/Documents/GitHub/Gloomscape/Content/Gloomscape/Media/SoundEffects/time-travel-83472.uasset" 796
"C:/Users/Corey Willis/Documents/GitHub/Gloomscape/Content/Gloomscape/Media/SoundEffects/time-travel-83472.uexp" 797
"C:/Users/Corey Willis/Documents/GitHub/Gloomscape/Content/Gloomscape/FX/Mist/NS_Mist.uasset" 798
"C:/Users/Corey Willis/Documents/GitHub/Gloomscape/Content/Gloomscape/FX/Mist/NS_Mist.uexp" 799
"C:/Users/Corey Willis/Documents/GitHub/Gloomscape/Content/Gloomscape/Blueprints/UI/WBP_CollectMore.uasset" 800
"C:/Users/Corey Willis/Documents/GitHub/Gloomscape/Content/Gloomscape/Blueprints/UI/WBP_CollectMore.uexp" 801
"C:/Users/Corey Willis/Documents/GitHub/Gloomscape/Content/Gloomscape/Media/SoundEffects/gloomGate_atten.uasset" 802
"C:/Users/Corey Willis/Documents/GitHub/Gloomscape/Content/Gloomscape/Media/SoundEffects/gloomGate_atten.uexp" 803
"C:/Users/Corey Willis/Documents/GitHub/Gloomscape/Content/Gloomscape/Media/SoundEffects/wrong-47985.ubulk" 804
"C:/Users/Corey Willis/Documents/GitHub/Gloomscape/Content/Gloomscape/Media/SoundEffects/wrong-47985.uasset" 805
"C:/Users/Corey Willis/Documents/GitHub/Gloomscape/Content/Gloomscape/Media/SoundEffects/wrong-47985.uexp" 806
"C:/Users/Corey Willis/Documents/GitHub/Gloomscape/Content/Gloomscape/Media/SoundEffects/gloomgate.ubulk" 807
"C:/Users/Corey Willis/Documents/GitHub/Gloomscape/Content/Gloomscape/Media/SoundEffects/gloomgate.uasset" 808
"C:/Users/Corey Willis/Documents/GitHub/Gloomscape/Content/Gloomscape/Media/SoundEffects/gloomgate.uexp" 809
"C:/Users/Corey Willis/Documents/GitHub/Gloomscape/Content/Gloomscape/Blueprints/BP_Gloomgate.uasset" 810
"C:/Users/Corey Willis/Documents/GitHub/Gloomscape/Content/Gloomscape/Blueprints/BP_Gloomgate.uexp" 811
"C:/Users/Corey Willis/Documents/GitHub/Gloomscape/Content/Gloomscape/Maps/GloomLevel1.uexp" 812
"C:/Users/Corey Willis/Documents/GitHub/Gloomscape/Content/Gloomscape/Maps/GloomLevel1.umap" 813
"C:/Users/Corey Willis/Documents/GitHub/Gloomscape/Content/Gloomscape/Media/Music/caves-of-dawn-10376.ubulk" 814
"C:/Users/Corey Willis/Documents/GitHub/Gloomscape/Content/Gloomscape/Media/Music/caves-of-dawn-10376.uasset" 815
"C:/Users/Corey Willis/Documents/GitHub/Gloomscape/Content/Gloomscape/Media/Music/caves-of-dawn-10376.uexp" 816
"../../../Engine/Content/EngineFonts/Faces/RobotoTiny.uexp" 817
"../../../Engine/Content/EngineFonts/Faces/RobotoTiny.uasset" 818
"../../../Engine/Content/EngineFonts/Faces/RobotoTiny.ufont" 819
"../../../Engine/Content/EngineFonts/RobotoTiny.uasset" 820
"../../../Engine/Content/EngineFonts/RobotoTiny.uexp" 821
"C:/Users/Corey Willis/Documents/GitHub/Gloomscape/Content/Gloomscape/Blueprints/UI/Settings/WBP_SettingsMenu.uasset" 822
"C:/Users/Corey Willis/Documents/GitHub/Gloomscape/Content/Gloomscape/Blueprints/UI/Settings/WBP_SettingsMenu.uexp" 823
"C:/Users/Corey Willis/Documents/GitHub/Gloomscape/Content/Gloomscape/Blueprints/UI/Settings/WBP_MainMenu.uasset" 824
"C:/Users/Corey Willis/Documents/GitHub/Gloomscape/Content/Gloomscape/Blueprints/UI/Settings/WBP_MainMenu.uexp" 825
"C:/Users/Corey Willis/Documents/GitHub/Gloomscape/Content/Gloomscape/Maps/GloomMainMenu.uexp" 826
"C:/Users/Corey Willis/Documents/GitHub/Gloomscape/Content/Gloomscape/Maps/GloomMainMenu.umap" 827
