"../../../Engine/Content/EditorResources/S_Actor.ubulk" 0
"../../../Engine/Content/EditorResources/S_Actor.uasset" 1
"../../../Engine/Content/EditorResources/S_Actor.uexp" 2
"../../../Engine/Content/EditorResources/S_BoxReflectionCapture.uasset" 3
"../../../Engine/Content/EditorResources/S_BoxReflectionCapture.uexp" 4
"../../../Engine/Content/EngineResources/DefaultTexture.ubulk" 5
"../../../Engine/Content/EngineResources/DefaultTexture.uasset" 6
"../../../Engine/Content/EngineResources/DefaultTexture.uexp" 7
"../../../Engine/Content/EngineResources/DefaultTextureCube.uasset" 8
"../../../Engine/Content/EngineResources/DefaultTextureCube.uexp" 9
"../../../Engine/Content/EngineResources/DefaultVolumeTexture2D.uasset" 10
"../../../Engine/Content/EngineResources/DefaultVolumeTexture2D.uexp" 11
"../../../Engine/Content/EngineResources/DefaultVolumeTexture.uasset" 12
"../../../Engine/Content/EngineResources/DefaultVolumeTexture.uexp" 13
"../../../Engine/Content/EditorResources/S_Trigger.ubulk" 14
"../../../Engine/Content/EditorResources/S_Trigger.uasset" 15
"../../../Engine/Content/EditorResources/S_Trigger.uexp" 16
"../../../Engine/Content/EditorResources/S_TriggerBox.uasset" 17
"../../../Engine/Content/EditorResources/S_TriggerBox.uexp" 18
"../../../Engine/Content/EditorResources/S_TriggerCapsule.uasset" 19
"../../../Engine/Content/EditorResources/S_TriggerCapsule.uexp" 20
"../../../Engine/Content/EditorResources/S_TriggerSphere.uasset" 21
"../../../Engine/Content/EditorResources/S_TriggerSphere.uexp" 22
"../../../Engine/Content/EngineMeshes/Sphere.ubulk" 23
"../../../Engine/Content/EngineMeshes/Sphere.uasset" 24
"../../../Engine/Content/EngineMeshes/Sphere.uexp" 25
"../../../Engine/Content/EngineResources/GradientTexture0.uasset" 26
"../../../Engine/Content/EngineResources/GradientTexture0.uexp" 27
"../../../Engine/Content/EngineResources/Black.uasset" 28
"../../../Engine/Content/EngineResources/Black.uexp" 29
"../../../Engine/Content/VREditor/LaserPointer/VR_LaserPower_01.ubulk" 30
"../../../Engine/Content/VREditor/LaserPointer/VR_LaserPower_01.uasset" 31
"../../../Engine/Content/VREditor/LaserPointer/VR_LaserPower_01.uexp" 32
"../../../Engine/Content/VREditor/TransformGizmo/TransformGizmoMaterial.uasset" 33
"../../../Engine/Content/VREditor/TransformGizmo/TransformGizmoMaterial.uexp" 34
"../../../Engine/Content/VREditor/TransformGizmo/TranslucentTransformGizmoMaterial.uasset" 35
"../../../Engine/Content/VREditor/TransformGizmo/TranslucentTransformGizmoMaterial.uexp" 36
"../../../Engine/Content/VREditor/TransformGizmo/PlaneTranslationHandle.ubulk" 37
"../../../Engine/Content/VREditor/TransformGizmo/PlaneTranslationHandle.uasset" 38
"../../../Engine/Content/VREditor/TransformGizmo/PlaneTranslationHandle.uexp" 39
"../../../Engine/Content/VREditor/TransformGizmo/BoundingBoxCorner.ubulk" 40
"../../../Engine/Content/VREditor/TransformGizmo/BoundingBoxCorner.uasset" 41
"../../../Engine/Content/VREditor/TransformGizmo/BoundingBoxCorner.uexp" 42
"../../../Engine/Content/VREditor/TransformGizmo/BoundingBoxEdge.ubulk" 43
"../../../Engine/Content/VREditor/TransformGizmo/BoundingBoxEdge.uasset" 44
"../../../Engine/Content/VREditor/TransformGizmo/BoundingBoxEdge.uexp" 45
"../../../Engine/Content/VREditor/TransformGizmo/Main.uasset" 46
"../../../Engine/Content/VREditor/TransformGizmo/Main.uexp" 47
"../../../Engine/Content/VREditor/TransformGizmo/Xray.uasset" 48
"../../../Engine/Content/VREditor/TransformGizmo/Xray.uexp" 49
"../../../Engine/Content/VREditor/TransformGizmo/SM_Sequencer_Node.ubulk" 50
"../../../Engine/Content/VREditor/TransformGizmo/SM_Sequencer_Node.uasset" 51
"../../../Engine/Content/VREditor/TransformGizmo/SM_Sequencer_Node.uexp" 52
"../../../Engine/Content/EditorMaterials/Camera/CineMat.uasset" 53
"../../../Engine/Content/EditorMaterials/Camera/CineMat.uexp" 54
"../../../Engine/Content/EditorMaterials/Camera/MI_CineMat_Rig.uasset" 55
"../../../Engine/Content/EditorMaterials/Camera/MI_CineMat_Rig.uexp" 56
"../../../Engine/Content/EditorMeshes/Camera/SM_CraneRig_Base.ubulk" 57
"../../../Engine/Content/EditorMeshes/Camera/SM_CraneRig_Base.uasset" 58
"../../../Engine/Content/EditorMeshes/Camera/SM_CraneRig_Base.uexp" 59
"../../../Engine/Content/EditorMeshes/Camera/SM_CraneRig_Arm.ubulk" 60
"../../../Engine/Content/EditorMeshes/Camera/SM_CraneRig_Arm.uasset" 61
"../../../Engine/Content/EditorMeshes/Camera/SM_CraneRig_Arm.uexp" 62
"../../../Engine/Content/EditorMeshes/Camera/SM_CraneRig_Mount.ubulk" 63
"../../../Engine/Content/EditorMeshes/Camera/SM_CraneRig_Mount.uasset" 64
"../../../Engine/Content/EditorMeshes/Camera/SM_CraneRig_Mount.uexp" 65
"../../../Engine/Content/EditorMeshes/Camera/SM_CraneRig_Body.ubulk" 66
"../../../Engine/Content/EditorMeshes/Camera/SM_CraneRig_Body.uasset" 67
"../../../Engine/Content/EditorMeshes/Camera/SM_CraneRig_Body.uexp" 68
"../../../Engine/Content/EditorMeshes/Camera/SM_RailRig_Track.ubulk" 69
"../../../Engine/Content/EditorMeshes/Camera/SM_RailRig_Track.uasset" 70
"../../../Engine/Content/EditorMeshes/Camera/SM_RailRig_Track.uexp" 71
"../../../Engine/Content/EditorMeshes/Camera/SM_RailRig_Mount.ubulk" 72
"../../../Engine/Content/EditorMeshes/Camera/SM_RailRig_Mount.uasset" 73
"../../../Engine/Content/EditorMeshes/Camera/SM_RailRig_Mount.uexp" 74
"../../../Engine/Content/EngineMaterials/T_Default_Material_Grid_M.ubulk" 75
"../../../Engine/Content/EngineMaterials/T_Default_Material_Grid_M.uasset" 76
"../../../Engine/Content/EngineMaterials/T_Default_Material_Grid_M.uexp" 77
"../../../Engine/Content/EngineMaterials/T_Default_Material_Grid_N.ubulk" 78
"../../../Engine/Content/EngineMaterials/T_Default_Material_Grid_N.uasset" 79
"../../../Engine/Content/EngineMaterials/T_Default_Material_Grid_N.uexp" 80
"../../../Engine/Content/Functions/Engine_MaterialFunctions01/Opacity/CameraDepthFade.uasset" 81
"../../../Engine/Content/Functions/Engine_MaterialFunctions01/Opacity/CameraDepthFade.uexp" 82
"../../../Engine/Content/EngineMaterials/WorldGridMaterial.uasset" 83
"../../../Engine/Content/EngineMaterials/WorldGridMaterial.uexp" 84
"../../../Engine/Content/ArtTools/RenderToTexture/Meshes/S_1_Unit_Plane.ubulk" 85
"../../../Engine/Content/ArtTools/RenderToTexture/Meshes/S_1_Unit_Plane.uasset" 86
"../../../Engine/Content/ArtTools/RenderToTexture/Meshes/S_1_Unit_Plane.uexp" 87
"../../../Engine/Content/EditorMaterials/ParticleSystems/PSysThumbnail_NoImage.ubulk" 88
"../../../Engine/Content/EditorMaterials/ParticleSystems/PSysThumbnail_NoImage.uasset" 89
"../../../Engine/Content/EditorMaterials/ParticleSystems/PSysThumbnail_NoImage.uexp" 90
"../../../Engine/Content/EditorMaterials/ParticleSystems/PSysThumbnail_OOD.ubulk" 91
"../../../Engine/Content/EditorMaterials/ParticleSystems/PSysThumbnail_OOD.uasset" 92
"../../../Engine/Content/EditorMaterials/ParticleSystems/PSysThumbnail_OOD.uexp" 93
"../../../Engine/Content/EditorLandscapeResources/SplineEditorMeshMat.uasset" 94
"../../../Engine/Content/EditorLandscapeResources/SplineEditorMeshMat.uexp" 95
"../../../Engine/Content/EditorLandscapeResources/SplineEditorMesh.ubulk" 96
"../../../Engine/Content/EditorLandscapeResources/SplineEditorMesh.uasset" 97
"../../../Engine/Content/EditorLandscapeResources/SplineEditorMesh.uexp" 98
"../../../Engine/Content/EditorResources/S_Solver.ubulk" 99
"../../../Engine/Content/EditorResources/S_Solver.uasset" 100
"../../../Engine/Content/EditorResources/S_Solver.uexp" 101
"../../../Engine/Plugins/Media/MediaPlate/Content/SM_MediaPlateScreen.ubulk" 102
"../../../Engine/Plugins/Media/MediaPlate/Content/SM_MediaPlateScreen.uasset" 103
"../../../Engine/Plugins/Media/MediaPlate/Content/SM_MediaPlateScreen.uexp" 104
"../../../Engine/Content/EngineMaterials/Good64x64TilingNoiseHighFreq.uasset" 105
"../../../Engine/Content/EngineMaterials/Good64x64TilingNoiseHighFreq.uexp" 106
"../../../Engine/Content/EngineMaterials/DefaultBokeh.uasset" 107
"../../../Engine/Content/EngineMaterials/DefaultBokeh.uexp" 108
"../../../Engine/Content/EngineMaterials/PreintegratedSkinBRDF.uasset" 109
"../../../Engine/Content/EngineMaterials/PreintegratedSkinBRDF.uexp" 110
"../../../Engine/Content/EngineMaterials/MiniFont.uasset" 111
"../../../Engine/Content/EngineMaterials/MiniFont.uexp" 112
"../../../Engine/Content/EngineMaterials/WeightMapPlaceholderTexture.uasset" 113
"../../../Engine/Content/EngineMaterials/WeightMapPlaceholderTexture.uexp" 114
"../../../Engine/Content/EngineMaterials/DefaultWhiteGrid.ubulk" 115
"../../../Engine/Content/EngineMaterials/DefaultWhiteGrid.uasset" 116
"../../../Engine/Content/EngineMaterials/DefaultWhiteGrid.uexp" 117
"../../../Engine/Plugins/2D/Paper2D/Content/PlaceholderTextures/DummySpriteTexture.ubulk" 118
"../../../Engine/Plugins/2D/Paper2D/Content/PlaceholderTextures/DummySpriteTexture.uasset" 119
"../../../Engine/Plugins/2D/Paper2D/Content/PlaceholderTextures/DummySpriteTexture.uexp" 120
"../../../Engine/Plugins/2D/Paper2D/Content/DefaultSpriteMaterial.uasset" 121
"../../../Engine/Plugins/2D/Paper2D/Content/DefaultSpriteMaterial.uexp" 122
"../../../Engine/Plugins/2D/Paper2D/Content/OpaqueUnlitSpriteMaterial.uasset" 123
"../../../Engine/Plugins/2D/Paper2D/Content/OpaqueUnlitSpriteMaterial.uexp" 124
"../../../Engine/Plugins/2D/Paper2D/Content/MaskedUnlitSpriteMaterial.uasset" 125
"../../../Engine/Plugins/2D/Paper2D/Content/MaskedUnlitSpriteMaterial.uexp" 126
"../../../Engine/Plugins/2D/Paper2D/Content/DummySprite.uasset" 127
"../../../Engine/Plugins/2D/Paper2D/Content/DummySprite.uexp" 128
"../../../Engine/Plugins/2D/Paper2D/Content/DefaultPaperTerrainMaterial.uasset" 129
"../../../Engine/Plugins/2D/Paper2D/Content/DefaultPaperTerrainMaterial.uexp" 130
"../../../Engine/Content/Functions/Engine_MaterialFunctions02/WorldPositionOffset/CameraOffset.uasset" 131
"../../../Engine/Content/Functions/Engine_MaterialFunctions02/WorldPositionOffset/CameraOffset.uexp" 132
"../../../Engine/Plugins/Animation/ControlRig/Content/M_Manip.uasset" 133
"../../../Engine/Plugins/Animation/ControlRig/Content/M_Manip.uexp" 134
"../../../Engine/Content/Animation/DefaultRecorderBoneCompression.uasset" 135
"../../../Engine/Content/Animation/DefaultRecorderBoneCompression.uexp" 136
"../../../Engine/Content/Animation/DefaultAnimCurveCompressionSettings.uasset" 137
"../../../Engine/Content/Animation/DefaultAnimCurveCompressionSettings.uexp" 138
"../../../Engine/Content/Animation/DefaultAnimBoneCompressionSettings.uasset" 139
"../../../Engine/Content/Animation/DefaultAnimBoneCompressionSettings.uexp" 140
"../../../Engine/Content/EditorLandscapeResources/DefaultAlphaTexture.uasset" 141
"../../../Engine/Content/EditorLandscapeResources/DefaultAlphaTexture.uexp" 142
"../../../Engine/Content/EditorLandscapeResources/DataLayer.uasset" 143
"../../../Engine/Content/EditorLandscapeResources/DataLayer.uexp" 144
"../../../Engine/Plugins/Runtime/MeshModelingToolset/Content/Materials/M_DynamicMeshComponentVtxColor.uasset" 145
"../../../Engine/Plugins/Runtime/MeshModelingToolset/Content/Materials/M_DynamicMeshComponentVtxColor.uexp" 146
"../../../Engine/Plugins/Interchange/Runtime/Content/Pipelines/DefaultTexturePipeline.uasset" 147
"../../../Engine/Plugins/Interchange/Runtime/Content/Pipelines/DefaultTexturePipeline.uexp" 148
"../../../Engine/Plugins/Interchange/Runtime/Content/Pipelines/DefaultSceneLevelPipeline.uasset" 149
"../../../Engine/Plugins/Interchange/Runtime/Content/Pipelines/DefaultSceneLevelPipeline.uexp" 150
"../../../Engine/Plugins/Interchange/Runtime/Content/Pipelines/DefaultSceneAssetsPipeline.uasset" 151
"../../../Engine/Plugins/Interchange/Runtime/Content/Pipelines/DefaultSceneAssetsPipeline.uexp" 152
"../../../Engine/Plugins/Interchange/Runtime/Content/Pipelines/DefaultMaterialPipeline.uasset" 153
"../../../Engine/Plugins/Interchange/Runtime/Content/Pipelines/DefaultMaterialPipeline.uexp" 154
"../../../Engine/Plugins/Interchange/Runtime/Content/Pipelines/DefaultAssetsPipeline.uasset" 155
"../../../Engine/Plugins/Interchange/Runtime/Content/Pipelines/DefaultAssetsPipeline.uexp" 156
"../../../Engine/Plugins/Editor/SpeedTreeImporter/Content/SpeedTree9/game_wind_noise.ubulk" 157
"../../../Engine/Plugins/Editor/SpeedTreeImporter/Content/SpeedTree9/game_wind_noise.uasset" 158
"../../../Engine/Plugins/Editor/SpeedTreeImporter/Content/SpeedTree9/game_wind_noise.uexp" 159
"../../../Engine/Plugins/Editor/SpeedTreeImporter/Content/SpeedTree9/UnpackDirection.uasset" 160
"../../../Engine/Plugins/Editor/SpeedTreeImporter/Content/SpeedTree9/UnpackDirection.uexp" 161
"../../../Engine/Content/Functions/Engine_MaterialFunctions02/ObjectLocalBounds.uasset" 162
"../../../Engine/Content/Functions/Engine_MaterialFunctions02/ObjectLocalBounds.uexp" 163
"../../../Engine/Content/Functions/Engine_MaterialFunctions02/Utility/BreakOutFloat3Components.uasset" 164
"../../../Engine/Content/Functions/Engine_MaterialFunctions02/Utility/BreakOutFloat3Components.uexp" 165
"../../../Engine/Content/Functions/Engine_MaterialFunctions02/UVs/BoundingBoxBased_0-1_UVW.uasset" 166
"../../../Engine/Content/Functions/Engine_MaterialFunctions02/UVs/BoundingBoxBased_0-1_UVW.uexp" 167
"../../../Engine/Content/Functions/Engine_MaterialFunctions02/Utility/VectorLength.uasset" 168
"../../../Engine/Content/Functions/Engine_MaterialFunctions02/Utility/VectorLength.uexp" 169
"../../../Engine/Plugins/Editor/SpeedTreeImporter/Content/SpeedTree9/UnpackInteger3.uasset" 170
"../../../Engine/Plugins/Editor/SpeedTreeImporter/Content/SpeedTree9/UnpackInteger3.uexp" 171
"../../../Engine/Plugins/Editor/SpeedTreeImporter/Content/SpeedTree9/SpeedTreeCameraFacing.uasset" 172
"../../../Engine/Plugins/Editor/SpeedTreeImporter/Content/SpeedTree9/SpeedTreeCameraFacing.uexp" 173
"../../../Engine/Content/Functions/Engine_MaterialFunctions02/WorldPositionOffset/ObjectScale.uasset" 174
"../../../Engine/Content/Functions/Engine_MaterialFunctions02/WorldPositionOffset/ObjectScale.uexp" 175
"../../../Engine/Content/Functions/Engine_MaterialFunctions02/SafeNormalize.uasset" 176
"../../../Engine/Content/Functions/Engine_MaterialFunctions02/SafeNormalize.uexp" 177
"../../../Engine/Plugins/Editor/SpeedTreeImporter/Content/SpeedTree9/SpeedTreeWindMotion.uasset" 178
"../../../Engine/Plugins/Editor/SpeedTreeImporter/Content/SpeedTree9/SpeedTreeWindMotion.uexp" 179
"../../../Engine/Plugins/Editor/SpeedTreeImporter/Content/SpeedTree9/SpeedTreeBranchMotion.uasset" 180
"../../../Engine/Plugins/Editor/SpeedTreeImporter/Content/SpeedTree9/SpeedTreeBranchMotion.uexp" 181
"../../../Engine/Plugins/Editor/SpeedTreeImporter/Content/SpeedTree9/SpeedTreeWind.uasset" 182
"../../../Engine/Plugins/Editor/SpeedTreeImporter/Content/SpeedTree9/SpeedTreeWind.uexp" 183
"../../../Engine/Plugins/Editor/SpeedTreeImporter/Content/SpeedTree9/EmptyNormal.uasset" 184
"../../../Engine/Plugins/Editor/SpeedTreeImporter/Content/SpeedTree9/EmptyNormal.uexp" 185
"../../../Engine/Plugins/Editor/SpeedTreeImporter/Content/SpeedTree9/Empty.uasset" 186
"../../../Engine/Plugins/Editor/SpeedTreeImporter/Content/SpeedTree9/Empty.uexp" 187
"../../../Engine/Plugins/Editor/SpeedTreeImporter/Content/SpeedTree9/SpeedTreeMaster.uasset" 188
"../../../Engine/Plugins/Editor/SpeedTreeImporter/Content/SpeedTree9/SpeedTreeMaster.uexp" 189
"../../../Engine/Plugins/Editor/SpeedTreeImporter/Content/SpeedTree9/SpeedTreeBillboard.uasset" 190
"../../../Engine/Plugins/Editor/SpeedTreeImporter/Content/SpeedTree9/SpeedTreeBillboard.uexp" 191
"../../../Engine/Plugins/Editor/SpeedTreeImporter/Content/SpeedTree9/SpeedTreeBillboardMaster.uasset" 192
"../../../Engine/Plugins/Editor/SpeedTreeImporter/Content/SpeedTree9/SpeedTreeBillboardMaster.uexp" 193
"../../../Engine/Plugins/Animation/ControlRig/Content/Controls/DefaultGizmoLibraryNormalized.uasset" 194
"../../../Engine/Plugins/Animation/ControlRig/Content/Controls/DefaultGizmoLibraryNormalized.uexp" 195
"../../../Engine/Plugins/Animation/ControlRig/Content/Controls/ControlRig_Wedge_solid.ubulk" 196
"../../../Engine/Plugins/Animation/ControlRig/Content/Controls/ControlRig_Wedge_solid.uasset" 197
"../../../Engine/Plugins/Animation/ControlRig/Content/Controls/ControlRig_Wedge_solid.uexp" 198
"../../../Engine/Plugins/Animation/ControlRig/Content/Controls/ControlRig_Wedge_3mm.ubulk" 199
"../../../Engine/Plugins/Animation/ControlRig/Content/Controls/ControlRig_Wedge_3mm.uasset" 200
"../../../Engine/Plugins/Animation/ControlRig/Content/Controls/ControlRig_Wedge_3mm.uexp" 201
"../../../Engine/Plugins/Animation/ControlRig/Content/Controls/ControlRig_Wedge_1mm.ubulk" 202
"../../../Engine/Plugins/Animation/ControlRig/Content/Controls/ControlRig_Wedge_1mm.uasset" 203
"../../../Engine/Plugins/Animation/ControlRig/Content/Controls/ControlRig_Wedge_1mm.uexp" 204
"../../../Engine/Plugins/Animation/ControlRig/Content/Controls/ControlRig_Triangle_solid.ubulk" 205
"../../../Engine/Plugins/Animation/ControlRig/Content/Controls/ControlRig_Triangle_solid.uasset" 206
"../../../Engine/Plugins/Animation/ControlRig/Content/Controls/ControlRig_Triangle_solid.uexp" 207
"../../../Engine/Plugins/Animation/ControlRig/Content/Controls/ControlRig_Triangle_3mm.ubulk" 208
"../../../Engine/Plugins/Animation/ControlRig/Content/Controls/ControlRig_Triangle_3mm.uasset" 209
"../../../Engine/Plugins/Animation/ControlRig/Content/Controls/ControlRig_Triangle_3mm.uexp" 210
"../../../Engine/Plugins/Animation/ControlRig/Content/Controls/ControlRig_Triangle_1mm.ubulk" 211
"../../../Engine/Plugins/Animation/ControlRig/Content/Controls/ControlRig_Triangle_1mm.uasset" 212
"../../../Engine/Plugins/Animation/ControlRig/Content/Controls/ControlRig_Triangle_1mm.uexp" 213
"../../../Engine/Plugins/Animation/ControlRig/Content/Controls/ControlRig_Star4_solid.ubulk" 214
"../../../Engine/Plugins/Animation/ControlRig/Content/Controls/ControlRig_Star4_solid.uasset" 215
"../../../Engine/Plugins/Animation/ControlRig/Content/Controls/ControlRig_Star4_solid.uexp" 216
"../../../Engine/Plugins/Animation/ControlRig/Content/Controls/ControlRig_Star4_3mm.ubulk" 217
"../../../Engine/Plugins/Animation/ControlRig/Content/Controls/ControlRig_Star4_3mm.uasset" 218
"../../../Engine/Plugins/Animation/ControlRig/Content/Controls/ControlRig_Star4_3mm.uexp" 219
"../../../Engine/Plugins/Animation/ControlRig/Content/Controls/ControlRig_Star4_1mm.ubulk" 220
"../../../Engine/Plugins/Animation/ControlRig/Content/Controls/ControlRig_Star4_1mm.uasset" 221
"../../../Engine/Plugins/Animation/ControlRig/Content/Controls/ControlRig_Star4_1mm.uexp" 222
"../../../Engine/Plugins/Animation/ControlRig/Content/Controls/ControlRig_Square_solid.ubulk" 223
"../../../Engine/Plugins/Animation/ControlRig/Content/Controls/ControlRig_Square_solid.uasset" 224
"../../../Engine/Plugins/Animation/ControlRig/Content/Controls/ControlRig_Square_solid.uexp" 225
"../../../Engine/Plugins/Animation/ControlRig/Content/Controls/ControlRig_Square_3mm.ubulk" 226
"../../../Engine/Plugins/Animation/ControlRig/Content/Controls/ControlRig_Square_3mm.uasset" 227
"../../../Engine/Plugins/Animation/ControlRig/Content/Controls/ControlRig_Square_3mm.uexp" 228
"../../../Engine/Plugins/Animation/ControlRig/Content/Controls/ControlRig_Square_1mm.ubulk" 229
"../../../Engine/Plugins/Animation/ControlRig/Content/Controls/ControlRig_Square_1mm.uasset" 230
"../../../Engine/Plugins/Animation/ControlRig/Content/Controls/ControlRig_Square_1mm.uexp" 231
"../../../Engine/Plugins/Animation/ControlRig/Content/Controls/ControlRig_Sphere_solid.ubulk" 232
"../../../Engine/Plugins/Animation/ControlRig/Content/Controls/ControlRig_Sphere_solid.uasset" 233
"../../../Engine/Plugins/Animation/ControlRig/Content/Controls/ControlRig_Sphere_solid.uexp" 234
"../../../Engine/Plugins/Animation/ControlRig/Content/Controls/ControlRig_Sphere_3mm.ubulk" 235
"../../../Engine/Plugins/Animation/ControlRig/Content/Controls/ControlRig_Sphere_3mm.uasset" 236
"../../../Engine/Plugins/Animation/ControlRig/Content/Controls/ControlRig_Sphere_3mm.uexp" 237
"../../../Engine/Plugins/Animation/ControlRig/Content/Controls/ControlRig_Sphere_1mm.ubulk" 238
"../../../Engine/Plugins/Animation/ControlRig/Content/Controls/ControlRig_Sphere_1mm.uasset" 239
"../../../Engine/Plugins/Animation/ControlRig/Content/Controls/ControlRig_Sphere_1mm.uexp" 240
"../../../Engine/Plugins/Animation/ControlRig/Content/Controls/ControlRig_RoundedTriangle_solid.ubulk" 241
"../../../Engine/Plugins/Animation/ControlRig/Content/Controls/ControlRig_RoundedTriangle_solid.uasset" 242
"../../../Engine/Plugins/Animation/ControlRig/Content/Controls/ControlRig_RoundedTriangle_solid.uexp" 243
"../../../Engine/Plugins/Animation/ControlRig/Content/Controls/ControlRig_RoundedTriangle_3mm.ubulk" 244
"../../../Engine/Plugins/Animation/ControlRig/Content/Controls/ControlRig_RoundedTriangle_3mm.uasset" 245
"../../../Engine/Plugins/Animation/ControlRig/Content/Controls/ControlRig_RoundedTriangle_3mm.uexp" 246
"../../../Engine/Plugins/Animation/ControlRig/Content/Controls/ControlRig_RoundedTriangle_1mm.ubulk" 247
"../../../Engine/Plugins/Animation/ControlRig/Content/Controls/ControlRig_RoundedTriangle_1mm.uasset" 248
"../../../Engine/Plugins/Animation/ControlRig/Content/Controls/ControlRig_RoundedTriangle_1mm.uexp" 249
"../../../Engine/Plugins/Animation/ControlRig/Content/Controls/ControlRig_RoundedSquare_solid.ubulk" 250
"../../../Engine/Plugins/Animation/ControlRig/Content/Controls/ControlRig_RoundedSquare_solid.uasset" 251
"../../../Engine/Plugins/Animation/ControlRig/Content/Controls/ControlRig_RoundedSquare_solid.uexp" 252
"../../../Engine/Plugins/Animation/ControlRig/Content/Controls/ControlRig_RoundedSquare_3mm.ubulk" 253
"../../../Engine/Plugins/Animation/ControlRig/Content/Controls/ControlRig_RoundedSquare_3mm.uasset" 254
"../../../Engine/Plugins/Animation/ControlRig/Content/Controls/ControlRig_RoundedSquare_3mm.uexp" 255
"../../../Engine/Plugins/Animation/ControlRig/Content/Controls/ControlRig_RoundedSquare_1mm.ubulk" 256
"../../../Engine/Plugins/Animation/ControlRig/Content/Controls/ControlRig_RoundedSquare_1mm.uasset" 257
"../../../Engine/Plugins/Animation/ControlRig/Content/Controls/ControlRig_RoundedSquare_1mm.uexp" 258
"../../../Engine/Plugins/Animation/ControlRig/Content/Controls/ControlRig_QuarterCircle_solid.ubulk" 259
"../../../Engine/Plugins/Animation/ControlRig/Content/Controls/ControlRig_QuarterCircle_solid.uasset" 260
"../../../Engine/Plugins/Animation/ControlRig/Content/Controls/ControlRig_QuarterCircle_solid.uexp" 261
"../../../Engine/Plugins/Animation/ControlRig/Content/Controls/ControlRig_QuarterCircle_3mm.ubulk" 262
"../../../Engine/Plugins/Animation/ControlRig/Content/Controls/ControlRig_QuarterCircle_3mm.uasset" 263
"../../../Engine/Plugins/Animation/ControlRig/Content/Controls/ControlRig_QuarterCircle_3mm.uexp" 264
"../../../Engine/Plugins/Animation/ControlRig/Content/Controls/ControlRig_QuarterCircle_1mm.ubulk" 265
"../../../Engine/Plugins/Animation/ControlRig/Content/Controls/ControlRig_QuarterCircle_1mm.uasset" 266
"../../../Engine/Plugins/Animation/ControlRig/Content/Controls/ControlRig_QuarterCircle_1mm.uexp" 267
"../../../Engine/Plugins/Animation/ControlRig/Content/Controls/ControlRig_Pyramid_solid.ubulk" 268
"../../../Engine/Plugins/Animation/ControlRig/Content/Controls/ControlRig_Pyramid_solid.uasset" 269
"../../../Engine/Plugins/Animation/ControlRig/Content/Controls/ControlRig_Pyramid_solid.uexp" 270
"../../../Engine/Plugins/Animation/ControlRig/Content/Controls/ControlRig_Pyramid_3mm.ubulk" 271
"../../../Engine/Plugins/Animation/ControlRig/Content/Controls/ControlRig_Pyramid_3mm.uasset" 272
"../../../Engine/Plugins/Animation/ControlRig/Content/Controls/ControlRig_Pyramid_3mm.uexp" 273
"../../../Engine/Plugins/Animation/ControlRig/Content/Controls/ControlRig_Pyramid_1mm.ubulk" 274
"../../../Engine/Plugins/Animation/ControlRig/Content/Controls/ControlRig_Pyramid_1mm.uasset" 275
"../../../Engine/Plugins/Animation/ControlRig/Content/Controls/ControlRig_Pyramid_1mm.uexp" 276
"../../../Engine/Plugins/Animation/ControlRig/Content/Controls/ControlRig_Octagon_solid.ubulk" 277
"../../../Engine/Plugins/Animation/ControlRig/Content/Controls/ControlRig_Octagon_solid.uasset" 278
"../../../Engine/Plugins/Animation/ControlRig/Content/Controls/ControlRig_Octagon_solid.uexp" 279
"../../../Engine/Plugins/Animation/ControlRig/Content/Controls/ControlRig_Octagon_3mm.ubulk" 280
"../../../Engine/Plugins/Animation/ControlRig/Content/Controls/ControlRig_Octagon_3mm.uasset" 281
"../../../Engine/Plugins/Animation/ControlRig/Content/Controls/ControlRig_Octagon_3mm.uexp" 282
"../../../Engine/Plugins/Animation/ControlRig/Content/Controls/ControlRig_Octagon_1mm.ubulk" 283
"../../../Engine/Plugins/Animation/ControlRig/Content/Controls/ControlRig_Octagon_1mm.uasset" 284
"../../../Engine/Plugins/Animation/ControlRig/Content/Controls/ControlRig_Octagon_1mm.uexp" 285
"../../../Engine/Plugins/Animation/ControlRig/Content/Controls/ControlRig_Hexagon_solid.ubulk" 286
"../../../Engine/Plugins/Animation/ControlRig/Content/Controls/ControlRig_Hexagon_solid.uasset" 287
"../../../Engine/Plugins/Animation/ControlRig/Content/Controls/ControlRig_Hexagon_solid.uexp" 288
"../../../Engine/Plugins/Animation/ControlRig/Content/Controls/ControlRig_Hexagon_3mm.ubulk" 289
"../../../Engine/Plugins/Animation/ControlRig/Content/Controls/ControlRig_Hexagon_3mm.uasset" 290
"../../../Engine/Plugins/Animation/ControlRig/Content/Controls/ControlRig_Hexagon_3mm.uexp" 291
"../../../Engine/Plugins/Animation/ControlRig/Content/Controls/ControlRig_Hexagon_1mm.ubulk" 292
"../../../Engine/Plugins/Animation/ControlRig/Content/Controls/ControlRig_Hexagon_1mm.uasset" 293
"../../../Engine/Plugins/Animation/ControlRig/Content/Controls/ControlRig_Hexagon_1mm.uexp" 294
"../../../Engine/Plugins/Animation/ControlRig/Content/Controls/ControlRig_HalfCircle_solid.ubulk" 295
"../../../Engine/Plugins/Animation/ControlRig/Content/Controls/ControlRig_HalfCircle_solid.uasset" 296
"../../../Engine/Plugins/Animation/ControlRig/Content/Controls/ControlRig_HalfCircle_solid.uexp" 297
"../../../Engine/Plugins/Animation/ControlRig/Content/Controls/ControlRig_HalfCircle_3mm.ubulk" 298
"../../../Engine/Plugins/Animation/ControlRig/Content/Controls/ControlRig_HalfCircle_3mm.uasset" 299
"../../../Engine/Plugins/Animation/ControlRig/Content/Controls/ControlRig_HalfCircle_3mm.uexp" 300
"../../../Engine/Plugins/Animation/ControlRig/Content/Controls/ControlRig_HalfCircle_1mm.ubulk" 301
"../../../Engine/Plugins/Animation/ControlRig/Content/Controls/ControlRig_HalfCircle_1mm.uasset" 302
"../../../Engine/Plugins/Animation/ControlRig/Content/Controls/ControlRig_HalfCircle_1mm.uexp" 303
"../../../Engine/Plugins/Animation/ControlRig/Content/Controls/ControlRig_Diamond_solid.ubulk" 304
"../../../Engine/Plugins/Animation/ControlRig/Content/Controls/ControlRig_Diamond_solid.uasset" 305
"../../../Engine/Plugins/Animation/ControlRig/Content/Controls/ControlRig_Diamond_solid.uexp" 306
"../../../Engine/Plugins/Animation/ControlRig/Content/Controls/ControlRig_Diamond_3mm.ubulk" 307
"../../../Engine/Plugins/Animation/ControlRig/Content/Controls/ControlRig_Diamond_3mm.uasset" 308
"../../../Engine/Plugins/Animation/ControlRig/Content/Controls/ControlRig_Diamond_3mm.uexp" 309
"../../../Engine/Plugins/Animation/ControlRig/Content/Controls/ControlRig_Diamond_1mm.ubulk" 310
"../../../Engine/Plugins/Animation/ControlRig/Content/Controls/ControlRig_Diamond_1mm.uasset" 311
"../../../Engine/Plugins/Animation/ControlRig/Content/Controls/ControlRig_Diamond_1mm.uexp" 312
"../../../Engine/Plugins/Animation/ControlRig/Content/Controls/ControlRig_Circle_solid.ubulk" 313
"../../../Engine/Plugins/Animation/ControlRig/Content/Controls/ControlRig_Circle_solid.uasset" 314
"../../../Engine/Plugins/Animation/ControlRig/Content/Controls/ControlRig_Circle_solid.uexp" 315
"../../../Engine/Plugins/Animation/ControlRig/Content/Controls/ControlRig_Circle_3mm.ubulk" 316
"../../../Engine/Plugins/Animation/ControlRig/Content/Controls/ControlRig_Circle_3mm.uasset" 317
"../../../Engine/Plugins/Animation/ControlRig/Content/Controls/ControlRig_Circle_3mm.uexp" 318
"../../../Engine/Plugins/Animation/ControlRig/Content/Controls/ControlRig_Circle_1mm.ubulk" 319
"../../../Engine/Plugins/Animation/ControlRig/Content/Controls/ControlRig_Circle_1mm.uasset" 320
"../../../Engine/Plugins/Animation/ControlRig/Content/Controls/ControlRig_Circle_1mm.uexp" 321
"../../../Engine/Plugins/Animation/ControlRig/Content/Controls/ControlRig_Box_solid.ubulk" 322
"../../../Engine/Plugins/Animation/ControlRig/Content/Controls/ControlRig_Box_solid.uasset" 323
"../../../Engine/Plugins/Animation/ControlRig/Content/Controls/ControlRig_Box_solid.uexp" 324
"../../../Engine/Plugins/Animation/ControlRig/Content/Controls/ControlRig_Box_3mm.ubulk" 325
"../../../Engine/Plugins/Animation/ControlRig/Content/Controls/ControlRig_Box_3mm.uasset" 326
"../../../Engine/Plugins/Animation/ControlRig/Content/Controls/ControlRig_Box_3mm.uexp" 327
"../../../Engine/Plugins/Animation/ControlRig/Content/Controls/ControlRig_Box_1mm.ubulk" 328
"../../../Engine/Plugins/Animation/ControlRig/Content/Controls/ControlRig_Box_1mm.uasset" 329
"../../../Engine/Plugins/Animation/ControlRig/Content/Controls/ControlRig_Box_1mm.uexp" 330
"../../../Engine/Plugins/Animation/ControlRig/Content/Controls/ControlRig_Arrow_solid.ubulk" 331
"../../../Engine/Plugins/Animation/ControlRig/Content/Controls/ControlRig_Arrow_solid.uasset" 332
"../../../Engine/Plugins/Animation/ControlRig/Content/Controls/ControlRig_Arrow_solid.uexp" 333
"../../../Engine/Plugins/Animation/ControlRig/Content/Controls/ControlRig_Arrow_3mm.ubulk" 334
"../../../Engine/Plugins/Animation/ControlRig/Content/Controls/ControlRig_Arrow_3mm.uasset" 335
"../../../Engine/Plugins/Animation/ControlRig/Content/Controls/ControlRig_Arrow_3mm.uexp" 336
"../../../Engine/Plugins/Animation/ControlRig/Content/Controls/ControlRig_Arrow_1mm.ubulk" 337
"../../../Engine/Plugins/Animation/ControlRig/Content/Controls/ControlRig_Arrow_1mm.uasset" 338
"../../../Engine/Plugins/Animation/ControlRig/Content/Controls/ControlRig_Arrow_1mm.uexp" 339
"../../../Engine/Plugins/Animation/ControlRig/Content/Controls/ControlRig_Arrow4_solid.ubulk" 340
"../../../Engine/Plugins/Animation/ControlRig/Content/Controls/ControlRig_Arrow4_solid.uasset" 341
"../../../Engine/Plugins/Animation/ControlRig/Content/Controls/ControlRig_Arrow4_solid.uexp" 342
"../../../Engine/Plugins/Animation/ControlRig/Content/Controls/ControlRig_Arrow4_3mm.ubulk" 343
"../../../Engine/Plugins/Animation/ControlRig/Content/Controls/ControlRig_Arrow4_3mm.uasset" 344
"../../../Engine/Plugins/Animation/ControlRig/Content/Controls/ControlRig_Arrow4_3mm.uexp" 345
"../../../Engine/Plugins/Animation/ControlRig/Content/Controls/ControlRig_Arrow4_1mm.ubulk" 346
"../../../Engine/Plugins/Animation/ControlRig/Content/Controls/ControlRig_Arrow4_1mm.uasset" 347
"../../../Engine/Plugins/Animation/ControlRig/Content/Controls/ControlRig_Arrow4_1mm.uexp" 348
"../../../Engine/Plugins/Animation/ControlRig/Content/Controls/ControlRig_Arrow2_solid.ubulk" 349
"../../../Engine/Plugins/Animation/ControlRig/Content/Controls/ControlRig_Arrow2_solid.uasset" 350
"../../../Engine/Plugins/Animation/ControlRig/Content/Controls/ControlRig_Arrow2_solid.uexp" 351
"../../../Engine/Plugins/Animation/ControlRig/Content/Controls/ControlRig_Arrow2_3mm.ubulk" 352
"../../../Engine/Plugins/Animation/ControlRig/Content/Controls/ControlRig_Arrow2_3mm.uasset" 353
"../../../Engine/Plugins/Animation/ControlRig/Content/Controls/ControlRig_Arrow2_3mm.uexp" 354
"../../../Engine/Plugins/Animation/ControlRig/Content/Controls/ControlRig_Arrow2_1mm.ubulk" 355
"../../../Engine/Plugins/Animation/ControlRig/Content/Controls/ControlRig_Arrow2_1mm.uasset" 356
"../../../Engine/Plugins/Animation/ControlRig/Content/Controls/ControlRig_Arrow2_1mm.uexp" 357
"../../../Engine/Plugins/Animation/ControlRig/Content/Controls/ControlRigXRayMaterial.uasset" 358
"../../../Engine/Plugins/Animation/ControlRig/Content/Controls/ControlRigXRayMaterial.uexp" 359
"../../../Engine/Plugins/Animation/ControlRig/Content/Controls/ControlRigGizmoMaterial.uasset" 360
"../../../Engine/Plugins/Animation/ControlRig/Content/Controls/ControlRigGizmoMaterial.uexp" 361
"../../../Engine/Content/EngineSounds/Master.uasset" 362
"../../../Engine/Content/EngineSounds/Master.uexp" 363
"../../../Engine/Content/EngineResources/WhiteSquareTexture.uasset" 364
"../../../Engine/Content/EngineResources/WhiteSquareTexture.uexp" 365
"../../../Engine/Content/EngineMaterials/Widget3DPassThrough.uasset" 366
"../../../Engine/Content/EngineMaterials/Widget3DPassThrough.uexp" 367
"../../../Engine/Content/EngineMaterials/Widget3DPassThrough_Translucent.uasset" 368
"../../../Engine/Content/EngineMaterials/Widget3DPassThrough_Translucent.uexp" 369
"../../../Engine/Content/EngineMaterials/Widget3DPassThrough_Translucent_OneSided.uasset" 370
"../../../Engine/Content/EngineMaterials/Widget3DPassThrough_Translucent_OneSided.uexp" 371
"../../../Engine/Content/EngineMaterials/Widget3DPassThrough_Opaque.uasset" 372
"../../../Engine/Content/EngineMaterials/Widget3DPassThrough_Opaque.uexp" 373
"../../../Engine/Content/EngineMaterials/Widget3DPassThrough_Opaque_OneSided.uasset" 374
"../../../Engine/Content/EngineMaterials/Widget3DPassThrough_Opaque_OneSided.uexp" 375
"../../../Engine/Content/EngineMaterials/Widget3DPassThrough_Masked_OneSided.uasset" 376
"../../../Engine/Content/EngineMaterials/Widget3DPassThrough_Masked_OneSided.uexp" 377
"../../../Engine/Content/EngineMaterials/Widget3DPassThrough_Masked.uasset" 378
"../../../Engine/Content/EngineMaterials/Widget3DPassThrough_Masked.uexp" 379
"../../../Engine/Content/EngineMaterials/STBlueNoise_vec2_128x128x64.uasset" 380
"../../../Engine/Content/EngineMaterials/STBlueNoise_vec2_128x128x64.uexp" 381
"../../../Engine/Content/EngineMaterials/STBlueNoise_scalar_128x128x64.uasset" 382
"../../../Engine/Content/EngineMaterials/STBlueNoise_scalar_128x128x64.uexp" 383
"../../../Engine/Content/EngineMaterials/RemoveSurfaceMaterial.uasset" 384
"../../../Engine/Content/EngineMaterials/RemoveSurfaceMaterial.uexp" 385
"../../../Engine/Content/EngineMaterials/DefaultCalibrationGrayscale.uasset" 386
"../../../Engine/Content/EngineMaterials/DefaultCalibrationGrayscale.uexp" 387
"../../../Engine/Content/EngineMaterials/PPM_DefaultCalibrationGrayscale.uasset" 388
"../../../Engine/Content/EngineMaterials/PPM_DefaultCalibrationGrayscale.uexp" 389
"../../../Engine/Content/EngineMaterials/DefaultCalibrationColor.uasset" 390
"../../../Engine/Content/EngineMaterials/DefaultCalibrationColor.uexp" 391
"../../../Engine/Content/EngineMaterials/PPM_DefaultCalibrationColor.uasset" 392
"../../../Engine/Content/EngineMaterials/PPM_DefaultCalibrationColor.uexp" 393
"../../../Engine/Content/EngineMaterials/PhAT_JointLimitMaterial.uasset" 394
"../../../Engine/Content/EngineMaterials/PhAT_JointLimitMaterial.uexp" 395
"../../../Engine/Content/EngineMaterials/NaniteHiddenSectionMaterial.uasset" 396
"../../../Engine/Content/EngineMaterials/NaniteHiddenSectionMaterial.uexp" 397
"../../../Engine/Content/EngineMaterials/InvalidLightmapSettings.ubulk" 398
"../../../Engine/Content/EngineMaterials/InvalidLightmapSettings.uasset" 399
"../../../Engine/Content/EngineMaterials/InvalidLightmapSettings.uexp" 400
"../../../Engine/Content/EngineMaterials/M_InvalidLightmapSettings.uasset" 401
"../../../Engine/Content/EngineMaterials/M_InvalidLightmapSettings.uexp" 402
"../../../Engine/Content/EngineMaterials/GizmoMaterial.uasset" 403
"../../../Engine/Content/EngineMaterials/GizmoMaterial.uexp" 404
"../../../Engine/Content/EngineMaterials/BaseFlattenEmissiveMap_VT.uasset" 405
"../../../Engine/Content/EngineMaterials/BaseFlattenEmissiveMap_VT.uexp" 406
"../../../Engine/Content/EngineMaterials/BaseFlattenGrayscaleMap_VT.uasset" 407
"../../../Engine/Content/EngineMaterials/BaseFlattenGrayscaleMap_VT.uexp" 408
"../../../Engine/Content/EngineMaterials/BaseFlattenLinearColor_VT.uasset" 409
"../../../Engine/Content/EngineMaterials/BaseFlattenLinearColor_VT.uexp" 410
"../../../Engine/Content/EngineMaterials/Black_1x1_EXR_Texture_VT.uasset" 411
"../../../Engine/Content/EngineMaterials/Black_1x1_EXR_Texture_VT.uexp" 412
"../../../Engine/Content/EngineMaterials/BaseFlattenDiffuseMap_VT.uasset" 413
"../../../Engine/Content/EngineMaterials/BaseFlattenDiffuseMap_VT.uexp" 414
"../../../Engine/Content/EngineMaterials/BaseFlattenNormalMap_VT.uasset" 415
"../../../Engine/Content/EngineMaterials/BaseFlattenNormalMap_VT.uexp" 416
"../../../Engine/Content/EngineMaterials/FlattenMaterial_WS_Normal_VT.uasset" 417
"../../../Engine/Content/EngineMaterials/FlattenMaterial_WS_Normal_VT.uexp" 418
"../../../Engine/Content/EngineMaterials/FlattenMaterial_VT.uasset" 419
"../../../Engine/Content/EngineMaterials/FlattenMaterial_VT.uexp" 420
"../../../Engine/Content/EngineMaterials/BaseFlattenNormalMap.uasset" 421
"../../../Engine/Content/EngineMaterials/BaseFlattenNormalMap.uexp" 422
"../../../Engine/Content/EngineMaterials/BaseFlattenGrayscaleMap.uasset" 423
"../../../Engine/Content/EngineMaterials/BaseFlattenGrayscaleMap.uexp" 424
"../../../Engine/Content/EngineMaterials/BaseFlattenDiffuseMap.uasset" 425
"../../../Engine/Content/EngineMaterials/BaseFlattenDiffuseMap.uexp" 426
"../../../Engine/Content/Functions/Engine_MaterialFunctions02/PivotPainter2/Black_1x1_EXR_Texture.uasset" 427
"../../../Engine/Content/Functions/Engine_MaterialFunctions02/PivotPainter2/Black_1x1_EXR_Texture.uexp" 428
"../../../Engine/Content/EngineMaterials/BaseFlattenEmissiveMap.uasset" 429
"../../../Engine/Content/EngineMaterials/BaseFlattenEmissiveMap.uexp" 430
"../../../Engine/Content/EngineMaterials/BaseFlattenLinearColor.uasset" 431
"../../../Engine/Content/EngineMaterials/BaseFlattenLinearColor.uexp" 432
"../../../Engine/Content/EngineMaterials/FlattenMaterial.uasset" 433
"../../../Engine/Content/EngineMaterials/FlattenMaterial.uexp" 434
"../../../Engine/Content/EngineMaterials/DefaultWhiteGrid_Low.uasset" 435
"../../../Engine/Content/EngineMaterials/DefaultWhiteGrid_Low.uexp" 436
"../../../Engine/Content/EngineMaterials/EmissiveMeshMaterial.uasset" 437
"../../../Engine/Content/EngineMaterials/EmissiveMeshMaterial.uexp" 438
"../../../Engine/Content/EngineFonts/RobotoDistanceField.uasset" 439
"../../../Engine/Content/EngineFonts/RobotoDistanceField.uexp" 440
"../../../Engine/Content/EngineMaterials/DefaultTextMaterialOpaque.uasset" 441
"../../../Engine/Content/EngineMaterials/DefaultTextMaterialOpaque.uexp" 442
"../../../Engine/Content/EngineMaterials/DefaultDiffuse.ubulk" 443
"../../../Engine/Content/EngineMaterials/DefaultDiffuse.uasset" 444
"../../../Engine/Content/EngineMaterials/DefaultDiffuse.uexp" 445
"../../../Engine/Content/Functions/Engine_MaterialFunctions02/Utility/BreakOutFloat2Components.uasset" 446
"../../../Engine/Content/Functions/Engine_MaterialFunctions02/Utility/BreakOutFloat2Components.uexp" 447
"../../../Engine/Content/EngineMaterials/DefaultPostProcessMaterial.uasset" 448
"../../../Engine/Content/EngineMaterials/DefaultPostProcessMaterial.uexp" 449
"../../../Engine/Content/EngineMaterials/DefaultPhysicalMaterial.uasset" 450
"../../../Engine/Content/EngineMaterials/DefaultPhysicalMaterial.uexp" 451
"../../../Engine/Content/EngineMaterials/DefaultLightFunctionMaterial.uasset" 452
"../../../Engine/Content/EngineMaterials/DefaultLightFunctionMaterial.uexp" 453
"../../../Engine/Content/EngineMaterials/DefaultDestructiblePhysicalMaterial.uasset" 454
"../../../Engine/Content/EngineMaterials/DefaultDestructiblePhysicalMaterial.uexp" 455
"../../../Engine/Content/EngineMaterials/DefaultDeferredDecalMaterial.uasset" 456
"../../../Engine/Content/EngineMaterials/DefaultDeferredDecalMaterial.uexp" 457
"../../../Engine/Content/EngineMaterials/DefaultBloomKernel.uasset" 458
"../../../Engine/Content/EngineMaterials/DefaultBloomKernel.uexp" 459
"../../../Engine/Content/EngineFonts/Faces/RobotoLight.uexp" 460
"../../../Engine/Content/EngineFonts/Faces/RobotoLight.uasset" 461
"../../../Engine/Content/EngineFonts/Faces/RobotoLight.ufont" 462
"../../../Engine/Content/EngineFonts/Faces/RobotoBold.uexp" 463
"../../../Engine/Content/EngineFonts/Faces/RobotoBold.uasset" 464
"../../../Engine/Content/EngineFonts/Faces/RobotoBold.ufont" 465
"../../../Engine/Content/EngineFonts/Faces/RobotoRegular.uexp" 466
"../../../Engine/Content/EngineFonts/Faces/RobotoRegular.uasset" 467
"../../../Engine/Content/EngineFonts/Faces/RobotoRegular.ufont" 468
"../../../Engine/Content/EngineFonts/Faces/DroidSansFallback.uexp" 469
"../../../Engine/Content/EngineFonts/Faces/DroidSansFallback.uasset" 470
"../../../Engine/Content/EngineFonts/Faces/DroidSansFallback.ufont" 471
"../../../Engine/Content/EngineFonts/Faces/RobotoItalic.uexp" 472
"../../../Engine/Content/EngineFonts/Faces/RobotoItalic.uasset" 473
"../../../Engine/Content/EngineFonts/Faces/RobotoItalic.ufont" 474
"../../../Engine/Content/EngineFonts/Faces/RobotoBoldItalic.uexp" 475
"../../../Engine/Content/EngineFonts/Faces/RobotoBoldItalic.uasset" 476
"../../../Engine/Content/EngineFonts/Faces/RobotoBoldItalic.ufont" 477
"../../../Engine/Content/EngineFonts/Roboto.uasset" 478
"../../../Engine/Content/EngineFonts/Roboto.uexp" 479
"../../../Engine/Content/Functions/Engine_MaterialFunctions02/Utility/CameraDirectionVector.uasset" 480
"../../../Engine/Content/Functions/Engine_MaterialFunctions02/Utility/CameraDirectionVector.uexp" 481
"../../../Engine/Content/EngineDebugMaterials/VolumeToRender.uasset" 482
"../../../Engine/Content/EngineDebugMaterials/VolumeToRender.uexp" 483
"../../../Engine/Content/EngineDebugMaterials/M_VolumeRenderSphereTracePP.uasset" 484
"../../../Engine/Content/EngineDebugMaterials/M_VolumeRenderSphereTracePP.uexp" 485
"../../../Engine/Content/EngineDebugMaterials/M_SimpleUnlitTranslucent.uasset" 486
"../../../Engine/Content/EngineDebugMaterials/M_SimpleUnlitTranslucent.uexp" 487
"../../../Engine/Content/EngineDebugMaterials/DebugMeshMaterial.uasset" 488
"../../../Engine/Content/EngineDebugMaterials/DebugMeshMaterial.uexp" 489
"../../../Engine/Content/EngineDebugMaterials/DebugEditorMaterial.uasset" 490
"../../../Engine/Content/EngineDebugMaterials/DebugEditorMaterial.uexp" 491
"../../../Engine/Content/EngineDamageTypes/DmgTypeBP_Environmental.uasset" 492
"../../../Engine/Content/EngineDamageTypes/DmgTypeBP_Environmental.uexp" 493
"../../../Engine/Content/EditorResources/S_Terrain.ubulk" 494
"../../../Engine/Content/EditorResources/S_Terrain.uasset" 495
"../../../Engine/Content/EditorResources/S_Terrain.uexp" 496
"../../../Engine/Content/EditorResources/EmptyActor.uasset" 497
"../../../Engine/Content/EditorResources/EmptyActor.uexp" 498
"../../../Engine/Content/EditorResources/BSPVertex.uasset" 499
"../../../Engine/Content/EditorResources/BSPVertex.uexp" 500
"../../../Engine/Content/EditorMaterials/PreviewShadowIndicator.ubulk" 501
"../../../Engine/Content/EditorMaterials/PreviewShadowIndicator.uasset" 502
"../../../Engine/Content/EditorMaterials/PreviewShadowIndicator.uexp" 503
"../../../Engine/Content/EditorMaterials/PreviewShadowIndicatorMaterial.uasset" 504
"../../../Engine/Content/EditorMaterials/PreviewShadowIndicatorMaterial.uexp" 505
"../../../Engine/Content/EditorMaterials/PhAT_UnselectedMaterial.uasset" 506
"../../../Engine/Content/EditorMaterials/PhAT_UnselectedMaterial.uexp" 507
"../../../Engine/Content/EditorMaterials/PhAT_NoCollisionMaterial.uasset" 508
"../../../Engine/Content/EditorMaterials/PhAT_NoCollisionMaterial.uexp" 509
"../../../Engine/Content/EngineMaterials/DefaultMaterial.uasset" 510
"../../../Engine/Content/EngineMaterials/DefaultMaterial.uexp" 511
"../../../Engine/Content/BasicShapes/Cylinder.ubulk" 512
"../../../Engine/Content/BasicShapes/Cylinder.uasset" 513
"../../../Engine/Content/BasicShapes/Cylinder.uexp" 514
"../../../Engine/Content/EngineSky/VolumetricClouds/CloudWeatherTexture.uasset" 515
"../../../Engine/Content/EngineSky/VolumetricClouds/CloudWeatherTexture.uexp" 516
"../../../Engine/Content/Functions/Engine_MaterialFunctions02/Utility/MakeFloat2.uasset" 517
"../../../Engine/Content/Functions/Engine_MaterialFunctions02/Utility/MakeFloat2.uexp" 518
"../../../Engine/Content/EngineSky/VolumetricClouds/CloudGradientTexture.uasset" 519
"../../../Engine/Content/EngineSky/VolumetricClouds/CloudGradientTexture.uexp" 520
"../../../Engine/Content/EngineSky/VolumetricClouds/T_NoiseShape64.ubulk" 521
"../../../Engine/Content/EngineSky/VolumetricClouds/T_NoiseShape64.uasset" 522
"../../../Engine/Content/EngineSky/VolumetricClouds/T_NoiseShape64.uexp" 523
"../../../Engine/Content/EngineSky/VolumetricClouds/T_VolumeNoiseShape64.uasset" 524
"../../../Engine/Content/EngineSky/VolumetricClouds/T_VolumeNoiseShape64.uexp" 525
"../../../Engine/Content/EngineSky/VolumetricClouds/T_NoiseErosion.ubulk" 526
"../../../Engine/Content/EngineSky/VolumetricClouds/T_NoiseErosion.uasset" 527
"../../../Engine/Content/EngineSky/VolumetricClouds/T_NoiseErosion.uexp" 528
"../../../Engine/Content/EngineSky/VolumetricClouds/T_VolumeNoiseErosion32.uasset" 529
"../../../Engine/Content/EngineSky/VolumetricClouds/T_VolumeNoiseErosion32.uexp" 530
"../../../Engine/Content/EngineSky/VolumetricClouds/m_SimpleVolumetricCloud.uasset" 531
"../../../Engine/Content/EngineSky/VolumetricClouds/m_SimpleVolumetricCloud.uexp" 532
"../../../Engine/Content/EngineSky/VolumetricClouds/m_SimpleVolumetricCloud_Inst.uasset" 533
"../../../Engine/Content/EngineSky/VolumetricClouds/m_SimpleVolumetricCloud_Inst.uexp" 534
"../../../Engine/Content/EngineResources/FilmGrains/Marcie_Grain_v3_128_M2_000.uasset" 535
"../../../Engine/Content/EngineResources/FilmGrains/Marcie_Grain_v3_128_M2_000.uexp" 536
"../../../Engine/Content/MobileResources/HUD/VirtualJoystick_Background.uasset" 537
"../../../Engine/Content/MobileResources/HUD/VirtualJoystick_Background.uexp" 538
"../../../Engine/Content/MobileResources/HUD/VirtualJoystick_Thumb.uasset" 539
"../../../Engine/Content/MobileResources/HUD/VirtualJoystick_Thumb.uexp" 540
"../../../Engine/Content/MobileResources/HUD/DefaultVirtualJoysticks.uasset" 541
"../../../Engine/Content/MobileResources/HUD/DefaultVirtualJoysticks.uexp" 542
"../../../Engine/Content/EditorResources/SequenceRecorder/RecordingIndicator.uasset" 543
"../../../Engine/Content/EditorResources/SequenceRecorder/RecordingIndicator.uexp" 544
"../../../Engine/Content/EditorResources/SequenceRecorder/Countdown.uasset" 545
"../../../Engine/Content/EditorResources/SequenceRecorder/Countdown.uexp" 546
"../../../Engine/Content/EditorResources/LightIcons/S_LightError.uasset" 547
"../../../Engine/Content/EditorResources/LightIcons/S_LightError.uexp" 548
"C:/Users/Corey Willis/Documents/GitHub/Gloomscape/Content/Gloomscape/Blueprints/UI/sphere.uasset" 549
"C:/Users/Corey Willis/Documents/GitHub/Gloomscape/Content/Gloomscape/Blueprints/UI/sphere.uexp" 550
"C:/Users/Corey Willis/Documents/GitHub/Gloomscape/Content/Gloomscape/Blueprints/BlueprintInterfaces/BPI_GloomsqhereUI.uasset" 551
"C:/Users/Corey Willis/Documents/GitHub/Gloomscape/Content/Gloomscape/Blueprints/BlueprintInterfaces/BPI_GloomsqhereUI.uexp" 552
"C:/Users/Corey Willis/Documents/GitHub/Gloomscape/Content/Gloomscape/Blueprints/UI/WBP_Gloomspheres.uasset" 553
"C:/Users/Corey Willis/Documents/GitHub/Gloomscape/Content/Gloomscape/Blueprints/UI/WBP_Gloomspheres.uexp" 554
"C:/Users/Corey Willis/Documents/GitHub/Gloomscape/Content/Gloomscape/Blueprints/BlueprintInterfaces/BPI_GloomsqherePickup.uasset" 555
"C:/Users/Corey Willis/Documents/GitHub/Gloomscape/Content/Gloomscape/Blueprints/BlueprintInterfaces/BPI_GloomsqherePickup.uexp" 556
"../../../Engine/Content/EditorBlueprintResources/StandardMacros.uasset" 557
"../../../Engine/Content/EditorBlueprintResources/StandardMacros.uexp" 558
"C:/Users/Corey Willis/Documents/GitHub/Gloomscape/Content/Gloomscape/Blueprints/GameMode/BP_GloomplayerState.uasset" 559
"C:/Users/Corey Willis/Documents/GitHub/Gloomscape/Content/Gloomscape/Blueprints/GameMode/BP_GloomplayerState.uexp" 560
"C:/Users/Corey Willis/Documents/GitHub/Gloomscape/Content/Gloomscape/FirstPerson/Input/Actions/IA_Look.uasset" 561
"C:/Users/Corey Willis/Documents/GitHub/Gloomscape/Content/Gloomscape/FirstPerson/Input/Actions/IA_Look.uexp" 562
"C:/Users/Corey Willis/Documents/GitHub/Gloomscape/Content/Gloomscape/FirstPerson/Input/Actions/IA_Move.uasset" 563
"C:/Users/Corey Willis/Documents/GitHub/Gloomscape/Content/Gloomscape/FirstPerson/Input/Actions/IA_Move.uexp" 564
"C:/Users/Corey Willis/Documents/GitHub/Gloomscape/Content/Gloomscape/FirstPerson/Input/Actions/IA_Jump.uasset" 565
"C:/Users/Corey Willis/Documents/GitHub/Gloomscape/Content/Gloomscape/FirstPerson/Input/Actions/IA_Jump.uexp" 566
"C:/Users/Corey Willis/Documents/GitHub/Gloomscape/Content/Gloomscape/FirstPerson/Input/IMC_Default.uasset" 567
"C:/Users/Corey Willis/Documents/GitHub/Gloomscape/Content/Gloomscape/FirstPerson/Input/IMC_Default.uexp" 568
"C:/Users/Corey Willis/Documents/GitHub/Gloomscape/Content/Gloomscape/FirstPerson/Blueprints/BP_FirstPersonCharacter.uasset" 569
"C:/Users/Corey Willis/Documents/GitHub/Gloomscape/Content/Gloomscape/FirstPerson/Blueprints/BP_FirstPersonCharacter.uexp" 570
"C:/Users/Corey Willis/Documents/GitHub/Gloomscape/Content/Gloomscape/Blueprints/GameMode/BP_GloomGameMode.uasset" 571
"C:/Users/Corey Willis/Documents/GitHub/Gloomscape/Content/Gloomscape/Blueprints/GameMode/BP_GloomGameMode.uexp" 572
"../../../Engine/Content/Functions/Engine_MaterialFunctions01/Shading/PowerToRoughness.uasset" 573
"../../../Engine/Content/Functions/Engine_MaterialFunctions01/Shading/PowerToRoughness.uexp" 574
"../../../Engine/Content/Functions/Engine_MaterialFunctions01/Shading/ConvertFromDiffSpec.uasset" 575
"../../../Engine/Content/Functions/Engine_MaterialFunctions01/Shading/ConvertFromDiffSpec.uexp" 576
"../../../Engine/Content/Maps/Entry_BuiltData.uasset" 577
"../../../Engine/Content/Maps/Entry_BuiltData.uexp" 578
"../../../Engine/Content/Maps/Entry.uexp" 579
"../../../Engine/Content/Maps/Entry.umap" 580
"../../../Engine/Content/BasicShapes/Cube.ubulk" 581
"../../../Engine/Content/BasicShapes/Cube.uasset" 582
"../../../Engine/Content/BasicShapes/Cube.uexp" 583
"../../../Engine/Content/BasicShapes/Plane.ubulk" 584
"../../../Engine/Content/BasicShapes/Plane.uasset" 585
"../../../Engine/Content/BasicShapes/Plane.uexp" 586
"../../../Engine/Content/BasicShapes/Cone.ubulk" 587
"../../../Engine/Content/BasicShapes/Cone.uasset" 588
"../../../Engine/Content/BasicShapes/Cone.uexp" 589
"C:/Users/Corey Willis/Documents/GitHub/Gloomscape/Content/Gloomscape/Media/SoundEffects/gloom_atten.uasset" 590
"C:/Users/Corey Willis/Documents/GitHub/Gloomscape/Content/Gloomscape/Media/SoundEffects/gloom_atten.uexp" 591
"../../../Engine/Plugins/FX/Niagara/Content/Enums/ENiagaraSphereDistributionMode.uasset" 592
"../../../Engine/Plugins/FX/Niagara/Content/Enums/ENiagaraSphereDistributionMode.uexp" 593
"../../../Engine/Plugins/FX/Niagara/Content/Enums/Wind/ENiagaraWindTurbulenceFrequencyMode.uasset" 594
"../../../Engine/Plugins/FX/Niagara/Content/Enums/Wind/ENiagaraWindTurbulenceFrequencyMode.uexp" 595
"../../../Engine/Plugins/FX/Niagara/Content/Enums/ENiagaraTorusDistributionMode.uasset" 596
"../../../Engine/Plugins/FX/Niagara/Content/Enums/ENiagaraTorusDistributionMode.uexp" 597
"../../../Engine/Plugins/FX/Niagara/Content/Enums/ENiagaraRandomnessMode.uasset" 598
"../../../Engine/Plugins/FX/Niagara/Content/Enums/ENiagaraRandomnessMode.uexp" 599
"../../../Engine/Plugins/FX/Niagara/Content/Enums/ENiagaraRandomnessEvaluation.uasset" 600
"../../../Engine/Plugins/FX/Niagara/Content/Enums/ENiagaraRandomnessEvaluation.uexp" 601
"../../../Engine/Plugins/FX/Niagara/Content/Enums/Location/ENiagara_LocationShapes.uasset" 602
"../../../Engine/Plugins/FX/Niagara/Content/Enums/Location/ENiagara_LocationShapes.uexp" 603
"../../../Engine/Plugins/FX/Niagara/Content/Enums/ENiagara_MassInitializationMode.uasset" 604
"../../../Engine/Plugins/FX/Niagara/Content/Enums/ENiagara_MassInitializationMode.uexp" 605
"../../../Engine/Plugins/FX/Niagara/Content/Enums/ENiagara_SubUVLookupModeV2.uasset" 606
"../../../Engine/Plugins/FX/Niagara/Content/Enums/ENiagara_SubUVLookupModeV2.uexp" 607
"../../../Engine/Plugins/FX/Niagara/Content/Enums/Location/ENiagara_CylinderMode.uasset" 608
"../../../Engine/Plugins/FX/Niagara/Content/Enums/Location/ENiagara_CylinderMode.uexp" 609
"../../../Engine/Plugins/FX/Niagara/Content/Enums/ENiagaraDragCoefficientShapeMode.uasset" 610
"../../../Engine/Plugins/FX/Niagara/Content/Enums/ENiagaraDragCoefficientShapeMode.uexp" 611
"../../../Engine/Plugins/FX/Niagara/Content/Enums/ENiagaraAerodynamicDragPivotMode.uasset" 612
"../../../Engine/Plugins/FX/Niagara/Content/Enums/ENiagaraAerodynamicDragPivotMode.uexp" 613
"../../../Engine/Plugins/FX/Niagara/Content/Enums/ENiagaraVector4_Channels.uasset" 614
"../../../Engine/Plugins/FX/Niagara/Content/Enums/ENiagaraVector4_Channels.uexp" 615
"../../../Engine/Plugins/FX/Niagara/Content/Enums/Wind/ENiagaraWindTurbulenceMode.uasset" 616
"../../../Engine/Plugins/FX/Niagara/Content/Enums/Wind/ENiagaraWindTurbulenceMode.uexp" 617
"../../../Engine/Plugins/FX/Niagara/Content/Enums/ENiagara_PositionInitializationMode.uasset" 618
"../../../Engine/Plugins/FX/Niagara/Content/Enums/ENiagara_PositionInitializationMode.uexp" 619
"../../../Engine/Plugins/FX/Niagara/Content/Icons/Modules/T_Icon_Solver_LimitSpeed.uasset" 620
"../../../Engine/Plugins/FX/Niagara/Content/Icons/Modules/T_Icon_Solver_LimitSpeed.uexp" 621
"../../../Engine/Plugins/FX/Niagara/Content/Icons/Modules/T_Icon_Solver_RotationalSolve.uasset" 622
"../../../Engine/Plugins/FX/Niagara/Content/Icons/Modules/T_Icon_Solver_RotationalSolve.uexp" 623
"../../../Engine/Plugins/FX/Niagara/Content/Icons/Modules/T_Icon_Solver_LimitAccel.uasset" 624
"../../../Engine/Plugins/FX/Niagara/Content/Icons/Modules/T_Icon_Solver_LimitAccel.uexp" 625
"../../../Engine/Plugins/FX/Niagara/Content/Enums/SpriteRenderer/ENiagara_FPSPlayrate.uasset" 626
"../../../Engine/Plugins/FX/Niagara/Content/Enums/SpriteRenderer/ENiagara_FPSPlayrate.uexp" 627
"../../../Engine/Plugins/FX/Niagara/Content/VectorFields/Assets/TilingCurl32.uasset" 628
"../../../Engine/Plugins/FX/Niagara/Content/VectorFields/Assets/TilingCurl32.uexp" 629
"../../../Engine/Plugins/FX/Niagara/Content/Enums/ENiagaraScaleColorMode.uasset" 630
"../../../Engine/Plugins/FX/Niagara/Content/Enums/ENiagaraScaleColorMode.uexp" 631
"../../../Engine/Plugins/FX/Niagara/Content/Enums/ENiagara_SizeScaleMode.uasset" 632
"../../../Engine/Plugins/FX/Niagara/Content/Enums/ENiagara_SizeScaleMode.uexp" 633
"../../../Engine/Plugins/FX/Niagara/Content/Enums/ENiagara_UVFlippingMode.uasset" 634
"../../../Engine/Plugins/FX/Niagara/Content/Enums/ENiagara_UVFlippingMode.uexp" 635
"../../../Engine/Plugins/FX/Niagara/Content/Enums/Ribbons/ENiagara_UnsetDirectSetRandom.uasset" 636
"../../../Engine/Plugins/FX/Niagara/Content/Enums/Ribbons/ENiagara_UnsetDirectSetRandom.uexp" 637
"../../../Engine/Plugins/FX/Niagara/Content/Enums/ENiagara_LifetimeMode.uasset" 638
"../../../Engine/Plugins/FX/Niagara/Content/Enums/ENiagara_LifetimeMode.uexp" 639
"../../../Engine/Plugins/FX/Niagara/Content/Enums/Ribbons/ENiagara_UnsetDirectSet.uasset" 640
"../../../Engine/Plugins/FX/Niagara/Content/Enums/Ribbons/ENiagara_UnsetDirectSet.uexp" 641
"../../../Engine/Plugins/FX/Niagara/Content/Enums/ENiagara_SpriteRotationMode.uasset" 642
"../../../Engine/Plugins/FX/Niagara/Content/Enums/ENiagara_SpriteRotationMode.uexp" 643
"../../../Engine/Plugins/FX/Niagara/Content/Enums/ENiagara_ColorInitializationMode.uasset" 644
"../../../Engine/Plugins/FX/Niagara/Content/Enums/ENiagara_ColorInitializationMode.uexp" 645
"../../../Engine/Plugins/FX/Niagara/Content/Enums/ENiagaraChannelCorrelation.uasset" 646
"../../../Engine/Plugins/FX/Niagara/Content/Enums/ENiagaraChannelCorrelation.uexp" 647
"../../../Engine/Plugins/FX/Niagara/Content/Enums/Transforms/ENiagara_ScaleMode.uasset" 648
"../../../Engine/Plugins/FX/Niagara/Content/Enums/Transforms/ENiagara_ScaleMode.uexp" 649
"../../../Engine/Plugins/FX/Niagara/Content/Enums/ENiagaraCurlNoiseQuality.uasset" 650
"../../../Engine/Plugins/FX/Niagara/Content/Enums/ENiagaraCurlNoiseQuality.uexp" 651
"../../../Engine/Plugins/FX/Niagara/Content/Enums/ENiagaraEmitterLifeCycleMode.uasset" 652
"../../../Engine/Plugins/FX/Niagara/Content/Enums/ENiagaraEmitterLifeCycleMode.uexp" 653
"../../../Engine/Plugins/FX/Niagara/Content/Enums/ENiagara_InfiniteLoopDuration.uasset" 654
"../../../Engine/Plugins/FX/Niagara/Content/Enums/ENiagara_InfiniteLoopDuration.uexp" 655
"../../../Engine/Plugins/FX/Niagara/Content/Enums/ENiagara_EmitterStateOptions.uasset" 656
"../../../Engine/Plugins/FX/Niagara/Content/Enums/ENiagara_EmitterStateOptions.uexp" 657
"../../../Engine/Plugins/FX/Niagara/Content/Enums/ENiagaraInactiveMode.uasset" 658
"../../../Engine/Plugins/FX/Niagara/Content/Enums/ENiagaraInactiveMode.uexp" 659
"../../../Engine/Plugins/FX/Niagara/Content/Enums/ENiagaraExecutionStateManagement.uasset" 660
"../../../Engine/Plugins/FX/Niagara/Content/Enums/ENiagaraExecutionStateManagement.uexp" 661
"../../../Engine/Plugins/FX/Niagara/Content/Enums/ENiagaraEmitterScalabilityMode_Limited.uasset" 662
"../../../Engine/Plugins/FX/Niagara/Content/Enums/ENiagaraEmitterScalabilityMode_Limited.uexp" 663
"../../../Engine/Plugins/FX/Niagara/Content/Enums/Wind/ENiagaraWindGroundMaskMode.uasset" 664
"../../../Engine/Plugins/FX/Niagara/Content/Enums/Wind/ENiagaraWindGroundMaskMode.uexp" 665
"../../../Engine/Plugins/FX/Niagara/Content/Enums/ENiagaraMeshOrSprite.uasset" 666
"../../../Engine/Plugins/FX/Niagara/Content/Enums/ENiagaraMeshOrSprite.uexp" 667
"../../../Engine/Plugins/FX/Niagara/Content/Enums/Location/ENiagara_ConeMode.uasset" 668
"../../../Engine/Plugins/FX/Niagara/Content/Enums/Location/ENiagara_ConeMode.uexp" 669
"../../../Engine/Plugins/FX/Niagara/Content/Enums/ENiagara_WrapClamp.uasset" 670
"../../../Engine/Plugins/FX/Niagara/Content/Enums/ENiagara_WrapClamp.uexp" 671
"../../../Engine/Plugins/FX/Niagara/Content/Enums/Wind/ENiagaraWindCombingMode.uasset" 672
"../../../Engine/Plugins/FX/Niagara/Content/Enums/Wind/ENiagaraWindCombingMode.uexp" 673
"../../../Engine/Plugins/FX/Niagara/Content/VectorFields/Assets/TilingCurl64.uasset" 674
"../../../Engine/Plugins/FX/Niagara/Content/VectorFields/Assets/TilingCurl64.uexp" 675
"../../../Engine/Plugins/FX/Niagara/Content/Enums/Wind/ENiagaraWindTurbulenceContributionMode.uasset" 676
"../../../Engine/Plugins/FX/Niagara/Content/Enums/Wind/ENiagaraWindTurbulenceContributionMode.uexp" 677
"../../../Engine/Plugins/FX/Niagara/Content/VectorFields/Assets/TilingCurl16.uasset" 678
"../../../Engine/Plugins/FX/Niagara/Content/VectorFields/Assets/TilingCurl16.uexp" 679
"../../../Engine/Plugins/FX/Niagara/Content/Enums/Wind/ENiagaraWindOffsetMode.uasset" 680
"../../../Engine/Plugins/FX/Niagara/Content/Enums/Wind/ENiagaraWindOffsetMode.uexp" 681
"../../../Engine/Plugins/FX/Niagara/Content/Enums/Wind/ENiagaraWindFrictionDistanceMode.uasset" 682
"../../../Engine/Plugins/FX/Niagara/Content/Enums/Wind/ENiagaraWindFrictionDistanceMode.uexp" 683
"../../../Engine/Plugins/FX/Niagara/Content/Enums/Wind/ENiagaraWindFrictionMode.uasset" 684
"../../../Engine/Plugins/FX/Niagara/Content/Enums/Wind/ENiagaraWindFrictionMode.uexp" 685
"../../../Engine/Plugins/FX/Niagara/Content/Enums/SpriteRenderer/ENiagara_AutomaticManual.uasset" 686
"../../../Engine/Plugins/FX/Niagara/Content/Enums/SpriteRenderer/ENiagara_AutomaticManual.uexp" 687
"../../../Engine/Plugins/FX/Niagara/Content/Enums/Angles/ENiagara_AngleInput.uasset" 688
"../../../Engine/Plugins/FX/Niagara/Content/Enums/Angles/ENiagara_AngleInput.uexp" 689
"../../../Engine/Plugins/FX/Niagara/Content/Enums/ENiagaraSystemInactiveMode.uasset" 690
"../../../Engine/Plugins/FX/Niagara/Content/Enums/ENiagaraSystemInactiveMode.uexp" 691
"../../../Engine/Plugins/FX/Niagara/Content/Enums/ENiagara_AttributeSamplingApplyOutput.uasset" 692
"../../../Engine/Plugins/FX/Niagara/Content/Enums/ENiagara_AttributeSamplingApplyOutput.uexp" 693
"../../../Engine/Plugins/FX/Niagara/Content/Enums/ENiagara_SubUVLookupMode.uasset" 694
"../../../Engine/Plugins/FX/Niagara/Content/Enums/ENiagara_SubUVLookupMode.uexp" 695
"../../../Engine/Plugins/FX/Niagara/Content/Enums/Transforms/ENiagara_OffsetMode.uasset" 696
"../../../Engine/Plugins/FX/Niagara/Content/Enums/Transforms/ENiagara_OffsetMode.uexp" 697
"../../../Engine/Content/Tutorial/SubEditors/TutorialAssets/T_SmokeSubUV_8X8.ubulk" 698
"../../../Engine/Content/Tutorial/SubEditors/TutorialAssets/T_SmokeSubUV_8X8.uasset" 699
"../../../Engine/Content/Tutorial/SubEditors/TutorialAssets/T_SmokeSubUV_8X8.uexp" 700
"../../../Engine/Content/Tutorial/SubEditors/TutorialAssets/T_soft_smoke.ubulk" 701
"../../../Engine/Content/Tutorial/SubEditors/TutorialAssets/T_soft_smoke.uasset" 702
"../../../Engine/Content/Tutorial/SubEditors/TutorialAssets/T_soft_smoke.uexp" 703
"C:/Users/Corey Willis/Documents/GitHub/Gloomscape/Content/Gloomscape/FX/Mist/M_smoke_subUV_Mist.uasset" 704
"C:/Users/Corey Willis/Documents/GitHub/Gloomscape/Content/Gloomscape/FX/Mist/M_smoke_subUV_Mist.uexp" 705
"../../../Engine/Plugins/FX/Niagara/Content/Enums/Location/ENiagara_BoxPlaneMode.uasset" 706
"../../../Engine/Plugins/FX/Niagara/Content/Enums/Location/ENiagara_BoxPlaneMode.uexp" 707
"../../../Engine/Plugins/FX/Niagara/Content/Enums/Transforms/ENiagara_TransformOrder.uasset" 708
"../../../Engine/Plugins/FX/Niagara/Content/Enums/Transforms/ENiagara_TransformOrder.uexp" 709
"../../../Engine/Plugins/FX/Niagara/Content/Enums/Location/ENiagaraRingDiscMode.uasset" 710
"../../../Engine/Plugins/FX/Niagara/Content/Enums/Location/ENiagaraRingDiscMode.uexp" 711
"../../../Engine/Plugins/FX/Niagara/Content/Enums/Transforms/ENiagara_RotationMode.uasset" 712
"../../../Engine/Plugins/FX/Niagara/Content/Enums/Transforms/ENiagara_RotationMode.uexp" 713
"../../../Engine/Plugins/FX/Niagara/Content/Enums/ENiagaraShapeTorusMode.uasset" 714
"../../../Engine/Plugins/FX/Niagara/Content/Enums/ENiagaraShapeTorusMode.uexp" 715
"../../../Engine/Plugins/FX/Niagara/Content/Enums/ENiagaraExpansionMode.uasset" 716
"../../../Engine/Plugins/FX/Niagara/Content/Enums/ENiagaraExpansionMode.uexp" 717
"../../../Engine/Plugins/FX/Niagara/Content/Enums/Transforms/ENiagara_TransformType.uasset" 718
"../../../Engine/Plugins/FX/Niagara/Content/Enums/Transforms/ENiagara_TransformType.uexp" 719
"../../../Engine/Plugins/FX/Niagara/Content/Icons/Modules/T_Icon_Particle_InfiniteLife.uasset" 720
"../../../Engine/Plugins/FX/Niagara/Content/Icons/Modules/T_Icon_Particle_InfiniteLife.uexp" 721
"../../../Engine/Plugins/FX/Niagara/Content/Enums/SpriteRenderer/ENiagara_ScaleSpriteSize.uasset" 722
"../../../Engine/Plugins/FX/Niagara/Content/Enums/SpriteRenderer/ENiagara_ScaleSpriteSize.uexp" 723
"C:/Users/Corey Willis/Documents/GitHub/Gloomscape/Content/Gloomscape/FX/FireEnemy/NS_Fire.uasset" 724
"C:/Users/Corey Willis/Documents/GitHub/Gloomscape/Content/Gloomscape/FX/FireEnemy/NS_Fire.uexp" 725
"C:/Users/Corey Willis/Documents/GitHub/Gloomscape/Content/Gloomscape/Materials/M_Glass_WithColor.uasset" 726
"C:/Users/Corey Willis/Documents/GitHub/Gloomscape/Content/Gloomscape/Materials/M_Glass_WithColor.uexp" 727
"C:/Users/Corey Willis/Documents/GitHub/Gloomscape/Content/Gloomscape/Media/SoundEffects/game-teleport-90735.ubulk" 728
"C:/Users/Corey Willis/Documents/GitHub/Gloomscape/Content/Gloomscape/Media/SoundEffects/game-teleport-90735.uasset" 729
"C:/Users/Corey Willis/Documents/GitHub/Gloomscape/Content/Gloomscape/Media/SoundEffects/game-teleport-90735.uexp" 730
"C:/Users/Corey Willis/Documents/GitHub/Gloomscape/Content/Gloomscape/Media/SoundEffects/peekaboo-i-see-you-104504.ubulk" 731
"C:/Users/Corey Willis/Documents/GitHub/Gloomscape/Content/Gloomscape/Media/SoundEffects/peekaboo-i-see-you-104504.uasset" 732
"C:/Users/Corey Willis/Documents/GitHub/Gloomscape/Content/Gloomscape/Media/SoundEffects/peekaboo-i-see-you-104504.uexp" 733
"C:/Users/Corey Willis/Documents/GitHub/Gloomscape/Content/Gloomscape/Media/SoundEffects/gloomys.ubulk" 734
"C:/Users/Corey Willis/Documents/GitHub/Gloomscape/Content/Gloomscape/Media/SoundEffects/gloomys.uasset" 735
"C:/Users/Corey Willis/Documents/GitHub/Gloomscape/Content/Gloomscape/Media/SoundEffects/gloomys.uexp" 736
"C:/Users/Corey Willis/Documents/GitHub/Gloomscape/Content/Gloomscape/FX/FireEnemy/BP_Gloomi.uasset" 737
"C:/Users/Corey Willis/Documents/GitHub/Gloomscape/Content/Gloomscape/FX/FireEnemy/BP_Gloomi.uexp" 738
"../../../Engine/Content/BasicShapes/BasicShapeMaterial.uasset" 739
"../../../Engine/Content/BasicShapes/BasicShapeMaterial.uexp" 740
"../../../Engine/Content/BasicShapes/Sphere.ubulk" 741
"../../../Engine/Content/BasicShapes/Sphere.uasset" 742
"../../../Engine/Content/BasicShapes/Sphere.uexp" 743
"C:/Users/Corey Willis/Documents/GitHub/Gloomscape/Content/Gloomscape/Media/SoundEffects/spark.ubulk" 744
"C:/Users/Corey Willis/Documents/GitHub/Gloomscape/Content/Gloomscape/Media/SoundEffects/spark.uasset" 745
"C:/Users/Corey Willis/Documents/GitHub/Gloomscape/Content/Gloomscape/Media/SoundEffects/spark.uexp" 746
"C:/Users/Corey Willis/Documents/GitHub/Gloomscape/Content/Gloomscape/FX/FireEnemy/M_smoke_subUV_Fire.uasset" 747
"C:/Users/Corey Willis/Documents/GitHub/Gloomscape/Content/Gloomscape/FX/FireEnemy/M_smoke_subUV_Fire.uexp" 748
"C:/Users/Corey Willis/Documents/GitHub/Gloomscape/Content/Gloomscape/FX/Sphere/NS_Sphere.uasset" 749
"C:/Users/Corey Willis/Documents/GitHub/Gloomscape/Content/Gloomscape/FX/Sphere/NS_Sphere.uexp" 750
"C:/Users/Corey Willis/Documents/GitHub/Gloomscape/Content/Gloomscape/Media/SoundEffects/bone-crack.ubulk" 751
"C:/Users/Corey Willis/Documents/GitHub/Gloomscape/Content/Gloomscape/Media/SoundEffects/bone-crack.uasset" 752
"C:/Users/Corey Willis/Documents/GitHub/Gloomscape/Content/Gloomscape/Media/SoundEffects/bone-crack.uexp" 753
"C:/Users/Corey Willis/Documents/GitHub/Gloomscape/Content/StarterContent/Materials/M_Glass.uasset" 754
"C:/Users/Corey Willis/Documents/GitHub/Gloomscape/Content/StarterContent/Materials/M_Glass.uexp" 755
"C:/Users/Corey Willis/Documents/GitHub/Gloomscape/Content/Gloomscape/Blueprints/BP_Gloomsphere.uasset" 756
"C:/Users/Corey Willis/Documents/GitHub/Gloomscape/Content/Gloomscape/Blueprints/BP_Gloomsphere.uexp" 757
"C:/Users/Corey Willis/Documents/GitHub/Gloomscape/Content/Gloomscape/Maps/GloomLevel2.uexp" 758
"C:/Users/Corey Willis/Documents/GitHub/Gloomscape/Content/Gloomscape/Maps/GloomLevel2.umap" 759
"C:/Users/Corey Willis/Documents/GitHub/Gloomscape/Content/Gloomscape/_GENERATED/CoreyWillis/Stairs_B2089E4A.ubulk" 760
"C:/Users/Corey Willis/Documents/GitHub/Gloomscape/Content/Gloomscape/_GENERATED/CoreyWillis/Stairs_B2089E4A.uasset" 761
"C:/Users/Corey Willis/Documents/GitHub/Gloomscape/Content/Gloomscape/_GENERATED/CoreyWillis/Stairs_B2089E4A.uexp" 762
"C:/Users/Corey Willis/Documents/GitHub/Gloomscape/Content/Gloomscape/Maps/GloomLevel1_BuiltData.ubulk" 763
"C:/Users/Corey Willis/Documents/GitHub/Gloomscape/Content/Gloomscape/Maps/GloomLevel1_BuiltData.uasset" 764
"C:/Users/Corey Willis/Documents/GitHub/Gloomscape/Content/Gloomscape/Maps/GloomLevel1_BuiltData.uexp" 765
"C:/Users/Corey Willis/Documents/GitHub/Gloomscape/Content/Gloomscape/Blueprints/UI/WBP_DesignGloom.uasset" 766
"C:/Users/Corey Willis/Documents/GitHub/Gloomscape/Content/Gloomscape/Blueprints/UI/WBP_DesignGloom.uexp" 767
"C:/Users/Corey Willis/Documents/GitHub/Gloomscape/Content/Gloomscape/Media/Music/wandering-6394.ubulk" 768
"C:/Users/Corey Willis/Documents/GitHub/Gloomscape/Content/Gloomscape/Media/Music/wandering-6394.uasset" 769
"C:/Users/Corey Willis/Documents/GitHub/Gloomscape/Content/Gloomscape/Media/Music/wandering-6394.uexp" 770
"C:/Users/Corey Willis/Documents/GitHub/Gloomscape/Content/Gloomscape/Media/SoundEffects/time-travel-83472.ubulk" 771
"C:/Users/Corey Willis/Documents/GitHub/Gloomscape/Content/Gloomscape/Media/SoundEffects/time-travel-83472.uasset" 772
"C:/Users/Corey Willis/Documents/GitHub/Gloomscape/Content/Gloomscape/Media/SoundEffects/time-travel-83472.uexp" 773
"C:/Users/Corey Willis/Documents/GitHub/Gloomscape/Content/Gloomscape/FX/Mist/NS_Mist.uasset" 774
"C:/Users/Corey Willis/Documents/GitHub/Gloomscape/Content/Gloomscape/FX/Mist/NS_Mist.uexp" 775
"C:/Users/Corey Willis/Documents/GitHub/Gloomscape/Content/Gloomscape/Blueprints/UI/WBP_CollectMore.uasset" 776
"C:/Users/Corey Willis/Documents/GitHub/Gloomscape/Content/Gloomscape/Blueprints/UI/WBP_CollectMore.uexp" 777
"C:/Users/Corey Willis/Documents/GitHub/Gloomscape/Content/Gloomscape/Media/SoundEffects/gloomGate_atten.uasset" 778
"C:/Users/Corey Willis/Documents/GitHub/Gloomscape/Content/Gloomscape/Media/SoundEffects/gloomGate_atten.uexp" 779
"C:/Users/Corey Willis/Documents/GitHub/Gloomscape/Content/Gloomscape/Media/SoundEffects/wrong-47985.ubulk" 780
"C:/Users/Corey Willis/Documents/GitHub/Gloomscape/Content/Gloomscape/Media/SoundEffects/wrong-47985.uasset" 781
"C:/Users/Corey Willis/Documents/GitHub/Gloomscape/Content/Gloomscape/Media/SoundEffects/wrong-47985.uexp" 782
"C:/Users/Corey Willis/Documents/GitHub/Gloomscape/Content/Gloomscape/Media/SoundEffects/gloomgate.ubulk" 783
"C:/Users/Corey Willis/Documents/GitHub/Gloomscape/Content/Gloomscape/Media/SoundEffects/gloomgate.uasset" 784
"C:/Users/Corey Willis/Documents/GitHub/Gloomscape/Content/Gloomscape/Media/SoundEffects/gloomgate.uexp" 785
"C:/Users/Corey Willis/Documents/GitHub/Gloomscape/Content/Gloomscape/Blueprints/BP_Gloomgate.uasset" 786
"C:/Users/Corey Willis/Documents/GitHub/Gloomscape/Content/Gloomscape/Blueprints/BP_Gloomgate.uexp" 787
"C:/Users/Corey Willis/Documents/GitHub/Gloomscape/Content/Gloomscape/Maps/GloomLevel1.uexp" 788
"C:/Users/Corey Willis/Documents/GitHub/Gloomscape/Content/Gloomscape/Maps/GloomLevel1.umap" 789
